{"/home/runner/work/GoLRx/GoLRx/src/lib/cell.js": {"path":"/home/runner/work/GoLRx/GoLRx/src/lib/cell.js","all":false,"statementMap":{"0":{"start":{"line":1,"column":0},"end":{"line":1,"column":8}},"1":{"start":{"line":2,"column":0},"end":{"line":2,"column":18}},"2":{"start":{"line":3,"column":0},"end":{"line":3,"column":6}},"3":{"start":{"line":4,"column":0},"end":{"line":4,"column":13}},"4":{"start":{"line":5,"column":0},"end":{"line":5,"column":5}},"5":{"start":{"line":6,"column":0},"end":{"line":6,"column":9}},"6":{"start":{"line":7,"column":0},"end":{"line":7,"column":10}},"7":{"start":{"line":8,"column":0},"end":{"line":8,"column":15}},"8":{"start":{"line":9,"column":0},"end":{"line":9,"column":12}},"9":{"start":{"line":10,"column":0},"end":{"line":10,"column":12}},"10":{"start":{"line":11,"column":0},"end":{"line":11,"column":6}},"11":{"start":{"line":12,"column":0},"end":{"line":12,"column":14}},"12":{"start":{"line":13,"column":0},"end":{"line":13,"column":34}},"13":{"start":{"line":14,"column":0},"end":{"line":14,"column":0}},"14":{"start":{"line":15,"column":0},"end":{"line":15,"column":12}},"15":{"start":{"line":16,"column":0},"end":{"line":16,"column":5}},"16":{"start":{"line":17,"column":0},"end":{"line":17,"column":60}},"17":{"start":{"line":18,"column":0},"end":{"line":18,"column":35}},"18":{"start":{"line":19,"column":0},"end":{"line":19,"column":5}},"19":{"start":{"line":20,"column":0},"end":{"line":20,"column":16}},"20":{"start":{"line":21,"column":0},"end":{"line":21,"column":0}},"21":{"start":{"line":22,"column":0},"end":{"line":22,"column":5}},"22":{"start":{"line":23,"column":0},"end":{"line":23,"column":44}},"23":{"start":{"line":24,"column":0},"end":{"line":24,"column":32}},"24":{"start":{"line":25,"column":0},"end":{"line":25,"column":5}},"25":{"start":{"line":26,"column":0},"end":{"line":26,"column":18}},"26":{"start":{"line":27,"column":0},"end":{"line":27,"column":0}},"27":{"start":{"line":28,"column":0},"end":{"line":28,"column":5}},"28":{"start":{"line":29,"column":0},"end":{"line":29,"column":75}},"29":{"start":{"line":30,"column":0},"end":{"line":30,"column":45}},"30":{"start":{"line":31,"column":0},"end":{"line":31,"column":5}},"31":{"start":{"line":32,"column":0},"end":{"line":32,"column":16}},"32":{"start":{"line":33,"column":0},"end":{"line":33,"column":0}},"33":{"start":{"line":34,"column":0},"end":{"line":34,"column":5}},"34":{"start":{"line":35,"column":0},"end":{"line":35,"column":34}},"35":{"start":{"line":36,"column":0},"end":{"line":36,"column":29}},"36":{"start":{"line":37,"column":0},"end":{"line":37,"column":5}},"37":{"start":{"line":38,"column":0},"end":{"line":38,"column":10}},"38":{"start":{"line":39,"column":0},"end":{"line":39,"column":0}},"39":{"start":{"line":40,"column":0},"end":{"line":40,"column":5}},"40":{"start":{"line":41,"column":0},"end":{"line":41,"column":32}},"41":{"start":{"line":42,"column":0},"end":{"line":42,"column":19}},"42":{"start":{"line":43,"column":0},"end":{"line":43,"column":5}},"43":{"start":{"line":44,"column":0},"end":{"line":44,"column":8}},"44":{"start":{"line":45,"column":0},"end":{"line":45,"column":0}},"45":{"start":{"line":46,"column":0},"end":{"line":46,"column":5}},"46":{"start":{"line":47,"column":0},"end":{"line":47,"column":32}},"47":{"start":{"line":48,"column":0},"end":{"line":48,"column":19}},"48":{"start":{"line":49,"column":0},"end":{"line":49,"column":5}},"49":{"start":{"line":50,"column":0},"end":{"line":50,"column":8}},"50":{"start":{"line":51,"column":0},"end":{"line":51,"column":0}},"51":{"start":{"line":52,"column":0},"end":{"line":52,"column":5}},"52":{"start":{"line":53,"column":0},"end":{"line":53,"column":96}},"53":{"start":{"line":54,"column":0},"end":{"line":54,"column":22}},"54":{"start":{"line":55,"column":0},"end":{"line":55,"column":22}},"55":{"start":{"line":56,"column":0},"end":{"line":56,"column":60}},"56":{"start":{"line":57,"column":0},"end":{"line":57,"column":60}},"57":{"start":{"line":58,"column":0},"end":{"line":58,"column":5}},"58":{"start":{"line":59,"column":0},"end":{"line":59,"column":71}},"59":{"start":{"line":60,"column":0},"end":{"line":60,"column":26}},"60":{"start":{"line":61,"column":0},"end":{"line":61,"column":19}},"61":{"start":{"line":62,"column":0},"end":{"line":62,"column":19}},"62":{"start":{"line":63,"column":0},"end":{"line":63,"column":39}},"63":{"start":{"line":64,"column":0},"end":{"line":64,"column":52}},"64":{"start":{"line":65,"column":0},"end":{"line":65,"column":3}},"65":{"start":{"line":66,"column":0},"end":{"line":66,"column":0}},"66":{"start":{"line":67,"column":0},"end":{"line":67,"column":60}},"67":{"start":{"line":68,"column":0},"end":{"line":68,"column":15}},"68":{"start":{"line":69,"column":0},"end":{"line":69,"column":41}},"69":{"start":{"line":70,"column":0},"end":{"line":70,"column":3}},"70":{"start":{"line":71,"column":0},"end":{"line":71,"column":0}},"71":{"start":{"line":72,"column":0},"end":{"line":72,"column":81}},"72":{"start":{"line":73,"column":0},"end":{"line":73,"column":20}},"73":{"start":{"line":74,"column":0},"end":{"line":74,"column":35}},"74":{"start":{"line":75,"column":0},"end":{"line":75,"column":3}},"75":{"start":{"line":76,"column":0},"end":{"line":76,"column":0}},"76":{"start":{"line":77,"column":0},"end":{"line":77,"column":5}},"77":{"start":{"line":78,"column":0},"end":{"line":78,"column":53}},"78":{"start":{"line":79,"column":0},"end":{"line":79,"column":23}},"79":{"start":{"line":80,"column":0},"end":{"line":80,"column":5}},"80":{"start":{"line":81,"column":0},"end":{"line":81,"column":21}},"81":{"start":{"line":82,"column":0},"end":{"line":82,"column":60}},"82":{"start":{"line":83,"column":0},"end":{"line":83,"column":3}},"83":{"start":{"line":84,"column":0},"end":{"line":84,"column":0}},"84":{"start":{"line":85,"column":0},"end":{"line":85,"column":5}},"85":{"start":{"line":86,"column":0},"end":{"line":86,"column":67}},"86":{"start":{"line":87,"column":0},"end":{"line":87,"column":22}},"87":{"start":{"line":88,"column":0},"end":{"line":88,"column":74}},"88":{"start":{"line":89,"column":0},"end":{"line":89,"column":4}},"89":{"start":{"line":90,"column":0},"end":{"line":90,"column":64}},"90":{"start":{"line":91,"column":0},"end":{"line":91,"column":28}},"91":{"start":{"line":92,"column":0},"end":{"line":92,"column":5}},"92":{"start":{"line":93,"column":0},"end":{"line":93,"column":21}},"93":{"start":{"line":94,"column":0},"end":{"line":94,"column":51}},"94":{"start":{"line":95,"column":0},"end":{"line":95,"column":54}},"95":{"start":{"line":96,"column":0},"end":{"line":96,"column":21}},"96":{"start":{"line":97,"column":0},"end":{"line":97,"column":75}},"97":{"start":{"line":98,"column":0},"end":{"line":98,"column":7}},"98":{"start":{"line":99,"column":0},"end":{"line":99,"column":3}},"99":{"start":{"line":100,"column":0},"end":{"line":100,"column":0}},"100":{"start":{"line":101,"column":0},"end":{"line":101,"column":5}},"101":{"start":{"line":102,"column":0},"end":{"line":102,"column":72}},"102":{"start":{"line":103,"column":0},"end":{"line":103,"column":44}},"103":{"start":{"line":104,"column":0},"end":{"line":104,"column":4}},"104":{"start":{"line":105,"column":0},"end":{"line":105,"column":64}},"105":{"start":{"line":106,"column":0},"end":{"line":106,"column":60}},"106":{"start":{"line":107,"column":0},"end":{"line":107,"column":5}},"107":{"start":{"line":108,"column":0},"end":{"line":108,"column":27}},"108":{"start":{"line":109,"column":0},"end":{"line":109,"column":37}},"109":{"start":{"line":110,"column":0},"end":{"line":110,"column":27}},"110":{"start":{"line":111,"column":0},"end":{"line":111,"column":78}},"111":{"start":{"line":112,"column":0},"end":{"line":112,"column":69}},"112":{"start":{"line":113,"column":0},"end":{"line":113,"column":28}},"113":{"start":{"line":114,"column":0},"end":{"line":114,"column":6}},"114":{"start":{"line":115,"column":0},"end":{"line":115,"column":3}},"115":{"start":{"line":116,"column":0},"end":{"line":116,"column":0}},"116":{"start":{"line":117,"column":0},"end":{"line":117,"column":5}},"117":{"start":{"line":118,"column":0},"end":{"line":118,"column":79}},"118":{"start":{"line":119,"column":0},"end":{"line":119,"column":27}},"119":{"start":{"line":120,"column":0},"end":{"line":120,"column":4}},"120":{"start":{"line":121,"column":0},"end":{"line":121,"column":67}},"121":{"start":{"line":122,"column":0},"end":{"line":122,"column":21}},"122":{"start":{"line":123,"column":0},"end":{"line":123,"column":5}},"123":{"start":{"line":124,"column":0},"end":{"line":124,"column":35}},"124":{"start":{"line":125,"column":0},"end":{"line":125,"column":67}},"125":{"start":{"line":126,"column":0},"end":{"line":126,"column":25}},"126":{"start":{"line":127,"column":0},"end":{"line":127,"column":60}},"127":{"start":{"line":128,"column":0},"end":{"line":128,"column":24}},"128":{"start":{"line":129,"column":0},"end":{"line":129,"column":5}},"129":{"start":{"line":130,"column":0},"end":{"line":130,"column":23}},"130":{"start":{"line":131,"column":0},"end":{"line":131,"column":3}},"131":{"start":{"line":132,"column":0},"end":{"line":132,"column":0}},"132":{"start":{"line":133,"column":0},"end":{"line":133,"column":5}},"133":{"start":{"line":134,"column":0},"end":{"line":134,"column":71}},"134":{"start":{"line":135,"column":0},"end":{"line":135,"column":62}},"135":{"start":{"line":136,"column":0},"end":{"line":136,"column":4}},"136":{"start":{"line":137,"column":0},"end":{"line":137,"column":40}},"137":{"start":{"line":138,"column":0},"end":{"line":138,"column":32}},"138":{"start":{"line":139,"column":0},"end":{"line":139,"column":5}},"139":{"start":{"line":140,"column":0},"end":{"line":140,"column":37}},"140":{"start":{"line":141,"column":0},"end":{"line":141,"column":28}},"141":{"start":{"line":142,"column":0},"end":{"line":142,"column":54}},"142":{"start":{"line":143,"column":0},"end":{"line":143,"column":0}},"143":{"start":{"line":144,"column":0},"end":{"line":144,"column":30}},"144":{"start":{"line":145,"column":0},"end":{"line":145,"column":68}},"145":{"start":{"line":146,"column":0},"end":{"line":146,"column":5}},"146":{"start":{"line":147,"column":0},"end":{"line":147,"column":26}},"147":{"start":{"line":148,"column":0},"end":{"line":148,"column":3}},"148":{"start":{"line":149,"column":0},"end":{"line":149,"column":0}},"149":{"start":{"line":150,"column":0},"end":{"line":150,"column":14}},"150":{"start":{"line":151,"column":0},"end":{"line":151,"column":62}},"151":{"start":{"line":152,"column":0},"end":{"line":152,"column":3}},"152":{"start":{"line":153,"column":0},"end":{"line":153,"column":1}},"153":{"start":{"line":154,"column":0},"end":{"line":154,"column":0}},"154":{"start":{"line":155,"column":0},"end":{"line":155,"column":16}}},"s":{"0":3,"1":3,"2":3,"3":3,"4":3,"5":3,"6":3,"7":3,"8":3,"9":3,"10":3,"11":3,"12":3,"13":3,"14":3,"15":3,"16":3,"17":3,"18":3,"19":3,"20":235,"21":235,"22":235,"23":235,"24":235,"25":235,"26":235,"27":235,"28":235,"29":235,"30":235,"31":235,"32":235,"33":235,"34":235,"35":235,"36":235,"37":235,"38":235,"39":235,"40":235,"41":235,"42":235,"43":235,"44":235,"45":235,"46":235,"47":235,"48":235,"49":3,"50":3,"51":3,"52":3,"53":3,"54":3,"55":3,"56":3,"57":3,"58":3,"59":235,"60":235,"61":235,"62":235,"63":235,"64":235,"65":3,"66":3,"67":3,"68":3030,"69":3030,"70":3,"71":3,"72":3,"73":519,"74":519,"75":3,"76":3,"77":3,"78":3,"79":3,"80":3,"81":1212,"82":1212,"83":3,"84":3,"85":3,"86":3,"87":3,"88":3,"89":3,"90":3,"91":3,"92":3,"93":345,"94":345,"95":345,"96":345,"97":345,"98":345,"99":3,"100":3,"101":3,"102":3,"103":3,"104":3,"105":3,"106":3,"107":3,"108":350,"109":350,"110":350,"111":350,"112":350,"113":350,"114":350,"115":3,"116":3,"117":3,"118":3,"119":3,"120":3,"121":3,"122":3,"123":3,"124":450,"125":450,"126":450,"127":327,"128":327,"129":66,"130":450,"131":3,"132":3,"133":3,"134":3,"135":3,"136":3,"137":3,"138":3,"139":3,"140":450,"141":450,"142":450,"143":450,"144":138,"145":138,"146":450,"147":450,"148":3,"149":3,"150":0,"151":0,"152":3,"153":3,"154":3},"branchMap":{"0":{"type":"branch","line":1,"loc":{"start":{"line":1,"column":0},"end":{"line":155,"column":16}},"locations":[{"start":{"line":1,"column":0},"end":{"line":155,"column":16}}]},"1":{"type":"branch","line":20,"loc":{"start":{"line":20,"column":2},"end":{"line":50,"column":7}},"locations":[{"start":{"line":20,"column":2},"end":{"line":50,"column":7}}]},"2":{"type":"branch","line":59,"loc":{"start":{"line":59,"column":2},"end":{"line":65,"column":3}},"locations":[{"start":{"line":59,"column":2},"end":{"line":65,"column":3}}]},"3":{"type":"branch","line":68,"loc":{"start":{"line":68,"column":2},"end":{"line":70,"column":3}},"locations":[{"start":{"line":68,"column":2},"end":{"line":70,"column":3}}]},"4":{"type":"branch","line":73,"loc":{"start":{"line":73,"column":2},"end":{"line":75,"column":3}},"locations":[{"start":{"line":73,"column":2},"end":{"line":75,"column":3}}]},"5":{"type":"branch","line":81,"loc":{"start":{"line":81,"column":2},"end":{"line":83,"column":3}},"locations":[{"start":{"line":81,"column":2},"end":{"line":83,"column":3}}]},"6":{"type":"branch","line":93,"loc":{"start":{"line":93,"column":2},"end":{"line":99,"column":3}},"locations":[{"start":{"line":93,"column":2},"end":{"line":99,"column":3}}]},"7":{"type":"branch","line":95,"loc":{"start":{"line":95,"column":12},"end":{"line":95,"column":53}},"locations":[{"start":{"line":95,"column":12},"end":{"line":95,"column":53}}]},"8":{"type":"branch","line":108,"loc":{"start":{"line":108,"column":2},"end":{"line":115,"column":3}},"locations":[{"start":{"line":108,"column":2},"end":{"line":115,"column":3}}]},"9":{"type":"branch","line":111,"loc":{"start":{"line":111,"column":10},"end":{"line":111,"column":76}},"locations":[{"start":{"line":111,"column":10},"end":{"line":111,"column":76}}]},"10":{"type":"branch","line":111,"loc":{"start":{"line":111,"column":36},"end":{"line":111,"column":68}},"locations":[{"start":{"line":111,"column":36},"end":{"line":111,"column":68}}]},"11":{"type":"branch","line":112,"loc":{"start":{"line":112,"column":16},"end":{"line":112,"column":67}},"locations":[{"start":{"line":112,"column":16},"end":{"line":112,"column":67}}]},"12":{"type":"branch","line":124,"loc":{"start":{"line":124,"column":2},"end":{"line":131,"column":3}},"locations":[{"start":{"line":124,"column":2},"end":{"line":131,"column":3}}]},"13":{"type":"branch","line":125,"loc":{"start":{"line":125,"column":27},"end":{"line":125,"column":66}},"locations":[{"start":{"line":125,"column":27},"end":{"line":125,"column":66}}]},"14":{"type":"branch","line":126,"loc":{"start":{"line":126,"column":6},"end":{"line":126,"column":25}},"locations":[{"start":{"line":126,"column":6},"end":{"line":126,"column":25}}]},"15":{"type":"branch","line":127,"loc":{"start":{"line":127,"column":-1},"end":{"line":127,"column":28}},"locations":[{"start":{"line":127,"column":-1},"end":{"line":127,"column":28}}]},"16":{"type":"branch","line":127,"loc":{"start":{"line":127,"column":28},"end":{"line":127,"column":56}},"locations":[{"start":{"line":127,"column":28},"end":{"line":127,"column":56}}]},"17":{"type":"branch","line":127,"loc":{"start":{"line":127,"column":59},"end":{"line":129,"column":5}},"locations":[{"start":{"line":127,"column":59},"end":{"line":129,"column":5}}]},"18":{"type":"branch","line":130,"loc":{"start":{"line":130,"column":-1},"end":{"line":131,"column":2}},"locations":[{"start":{"line":130,"column":-1},"end":{"line":131,"column":2}}]},"19":{"type":"branch","line":140,"loc":{"start":{"line":140,"column":2},"end":{"line":148,"column":3}},"locations":[{"start":{"line":140,"column":2},"end":{"line":148,"column":3}}]},"20":{"type":"branch","line":144,"loc":{"start":{"line":144,"column":29},"end":{"line":146,"column":5}},"locations":[{"start":{"line":144,"column":29},"end":{"line":146,"column":5}}]}},"b":{"0":[3],"1":[235],"2":[235],"3":[3030],"4":[519],"5":[1212],"6":[345],"7":[445],"8":[350],"9":[450],"10":[2538],"11":[450],"12":[450],"13":[129],"14":[57],"15":[393],"16":[321],"17":[327],"18":[66],"19":[450],"20":[138]},"fnMap":{"0":{"name":"<instance_members_initializer>","decl":{"start":{"line":20,"column":2},"end":{"line":50,"column":7}},"loc":{"start":{"line":20,"column":2},"end":{"line":50,"column":7}},"line":20},"1":{"name":"Cell","decl":{"start":{"line":59,"column":2},"end":{"line":65,"column":3}},"loc":{"start":{"line":59,"column":2},"end":{"line":65,"column":3}},"line":59},"2":{"name":"get state","decl":{"start":{"line":68,"column":2},"end":{"line":70,"column":3}},"loc":{"start":{"line":68,"column":2},"end":{"line":70,"column":3}},"line":68},"3":{"name":"set state","decl":{"start":{"line":73,"column":2},"end":{"line":75,"column":3}},"loc":{"start":{"line":73,"column":2},"end":{"line":75,"column":3}},"line":73},"4":{"name":"addNeighbor","decl":{"start":{"line":81,"column":2},"end":{"line":83,"column":3}},"loc":{"start":{"line":81,"column":2},"end":{"line":83,"column":3}},"line":81},"5":{"name":"start","decl":{"start":{"line":93,"column":2},"end":{"line":99,"column":3}},"loc":{"start":{"line":93,"column":2},"end":{"line":99,"column":3}},"line":93},"6":{"name":"next","decl":{"start":{"line":95,"column":12},"end":{"line":95,"column":53}},"loc":{"start":{"line":95,"column":12},"end":{"line":95,"column":53}},"line":95},"7":{"name":"error","decl":{"start":{"line":96,"column":13},"end":{"line":97,"column":74}},"loc":{"start":{"line":96,"column":13},"end":{"line":97,"column":74}},"line":96},"8":{"name":"listenUntil","decl":{"start":{"line":108,"column":2},"end":{"line":115,"column":3}},"loc":{"start":{"line":108,"column":2},"end":{"line":115,"column":3}},"line":108},"9":{"name":"#nextState","decl":{"start":{"line":124,"column":2},"end":{"line":131,"column":3}},"loc":{"start":{"line":124,"column":2},"end":{"line":131,"column":3}},"line":124},"10":{"name":"#updateState","decl":{"start":{"line":140,"column":2},"end":{"line":148,"column":3}},"loc":{"start":{"line":140,"column":2},"end":{"line":148,"column":3}},"line":140},"11":{"name":"toString","decl":{"start":{"line":150,"column":2},"end":{"line":152,"column":3}},"loc":{"start":{"line":150,"column":2},"end":{"line":152,"column":3}},"line":150}},"f":{"0":235,"1":235,"2":3030,"3":519,"4":1212,"5":345,"6":445,"7":0,"8":350,"9":450,"10":450,"11":0}}
,"/home/runner/work/GoLRx/GoLRx/src/lib/game.js": {"path":"/home/runner/work/GoLRx/GoLRx/src/lib/game.js","all":false,"statementMap":{"0":{"start":{"line":1,"column":0},"end":{"line":1,"column":8}},"1":{"start":{"line":2,"column":0},"end":{"line":2,"column":17}},"2":{"start":{"line":3,"column":0},"end":{"line":3,"column":18}},"3":{"start":{"line":4,"column":0},"end":{"line":4,"column":23}},"4":{"start":{"line":5,"column":0},"end":{"line":5,"column":11}},"5":{"start":{"line":6,"column":0},"end":{"line":6,"column":13}},"6":{"start":{"line":7,"column":0},"end":{"line":7,"column":10}},"7":{"start":{"line":8,"column":0},"end":{"line":8,"column":15}},"8":{"start":{"line":9,"column":0},"end":{"line":9,"column":12}},"9":{"start":{"line":10,"column":0},"end":{"line":10,"column":12}},"10":{"start":{"line":11,"column":0},"end":{"line":11,"column":6}},"11":{"start":{"line":12,"column":0},"end":{"line":12,"column":14}},"12":{"start":{"line":13,"column":0},"end":{"line":13,"column":0}},"13":{"start":{"line":14,"column":0},"end":{"line":14,"column":3}},"14":{"start":{"line":15,"column":0},"end":{"line":15,"column":64}},"15":{"start":{"line":16,"column":0},"end":{"line":16,"column":35}},"16":{"start":{"line":17,"column":0},"end":{"line":17,"column":3}},"17":{"start":{"line":18,"column":0},"end":{"line":18,"column":12}},"18":{"start":{"line":19,"column":0},"end":{"line":19,"column":5}},"19":{"start":{"line":20,"column":0},"end":{"line":20,"column":43}},"20":{"start":{"line":21,"column":0},"end":{"line":21,"column":20}},"21":{"start":{"line":22,"column":0},"end":{"line":22,"column":5}},"22":{"start":{"line":23,"column":0},"end":{"line":23,"column":19}},"23":{"start":{"line":24,"column":0},"end":{"line":24,"column":0}},"24":{"start":{"line":25,"column":0},"end":{"line":25,"column":5}},"25":{"start":{"line":26,"column":0},"end":{"line":26,"column":47}},"26":{"start":{"line":27,"column":0},"end":{"line":27,"column":26}},"27":{"start":{"line":28,"column":0},"end":{"line":28,"column":5}},"28":{"start":{"line":29,"column":0},"end":{"line":29,"column":30}},"29":{"start":{"line":30,"column":0},"end":{"line":30,"column":0}},"30":{"start":{"line":31,"column":0},"end":{"line":31,"column":5}},"31":{"start":{"line":32,"column":0},"end":{"line":32,"column":31}},"32":{"start":{"line":33,"column":0},"end":{"line":33,"column":17}},"33":{"start":{"line":34,"column":0},"end":{"line":34,"column":5}},"34":{"start":{"line":35,"column":0},"end":{"line":35,"column":8}},"35":{"start":{"line":36,"column":0},"end":{"line":36,"column":0}},"36":{"start":{"line":37,"column":0},"end":{"line":37,"column":5}},"37":{"start":{"line":38,"column":0},"end":{"line":38,"column":61}},"38":{"start":{"line":39,"column":0},"end":{"line":39,"column":36}},"39":{"start":{"line":40,"column":0},"end":{"line":40,"column":5}},"40":{"start":{"line":41,"column":0},"end":{"line":41,"column":18}},"41":{"start":{"line":42,"column":0},"end":{"line":42,"column":0}},"42":{"start":{"line":43,"column":0},"end":{"line":43,"column":5}},"43":{"start":{"line":44,"column":0},"end":{"line":44,"column":46}},"44":{"start":{"line":45,"column":0},"end":{"line":45,"column":25}},"45":{"start":{"line":46,"column":0},"end":{"line":46,"column":5}},"46":{"start":{"line":47,"column":0},"end":{"line":47,"column":37}},"47":{"start":{"line":48,"column":0},"end":{"line":48,"column":0}},"48":{"start":{"line":49,"column":0},"end":{"line":49,"column":5}},"49":{"start":{"line":50,"column":0},"end":{"line":50,"column":70}},"50":{"start":{"line":51,"column":0},"end":{"line":51,"column":97}},"51":{"start":{"line":52,"column":0},"end":{"line":52,"column":69}},"52":{"start":{"line":53,"column":0},"end":{"line":53,"column":5}},"53":{"start":{"line":54,"column":0},"end":{"line":54,"column":55}},"54":{"start":{"line":55,"column":0},"end":{"line":55,"column":22}},"55":{"start":{"line":56,"column":0},"end":{"line":56,"column":61}},"56":{"start":{"line":57,"column":0},"end":{"line":57,"column":70}},"57":{"start":{"line":58,"column":0},"end":{"line":58,"column":3}},"58":{"start":{"line":59,"column":0},"end":{"line":59,"column":0}},"59":{"start":{"line":60,"column":0},"end":{"line":60,"column":5}},"60":{"start":{"line":61,"column":0},"end":{"line":61,"column":4}},"61":{"start":{"line":62,"column":0},"end":{"line":62,"column":61}},"62":{"start":{"line":63,"column":0},"end":{"line":63,"column":28}},"63":{"start":{"line":64,"column":0},"end":{"line":64,"column":5}},"64":{"start":{"line":65,"column":0},"end":{"line":65,"column":40}},"65":{"start":{"line":66,"column":0},"end":{"line":66,"column":22}},"66":{"start":{"line":67,"column":0},"end":{"line":67,"column":78}},"67":{"start":{"line":68,"column":0},"end":{"line":68,"column":18}},"68":{"start":{"line":69,"column":0},"end":{"line":69,"column":72}},"69":{"start":{"line":70,"column":0},"end":{"line":70,"column":23}},"70":{"start":{"line":71,"column":0},"end":{"line":71,"column":70}},"71":{"start":{"line":72,"column":0},"end":{"line":72,"column":69}},"72":{"start":{"line":73,"column":0},"end":{"line":73,"column":9}},"73":{"start":{"line":74,"column":0},"end":{"line":74,"column":3}},"74":{"start":{"line":75,"column":0},"end":{"line":75,"column":0}},"75":{"start":{"line":76,"column":0},"end":{"line":76,"column":5}},"76":{"start":{"line":77,"column":0},"end":{"line":77,"column":37}},"77":{"start":{"line":78,"column":0},"end":{"line":78,"column":5}},"78":{"start":{"line":79,"column":0},"end":{"line":79,"column":10}},"79":{"start":{"line":80,"column":0},"end":{"line":80,"column":22}},"80":{"start":{"line":81,"column":0},"end":{"line":81,"column":3}},"81":{"start":{"line":82,"column":0},"end":{"line":82,"column":0}},"82":{"start":{"line":83,"column":0},"end":{"line":83,"column":5}},"83":{"start":{"line":84,"column":0},"end":{"line":84,"column":52}},"84":{"start":{"line":85,"column":0},"end":{"line":85,"column":4}},"85":{"start":{"line":86,"column":0},"end":{"line":86,"column":73}},"86":{"start":{"line":87,"column":0},"end":{"line":87,"column":28}},"87":{"start":{"line":88,"column":0},"end":{"line":88,"column":5}},"88":{"start":{"line":89,"column":0},"end":{"line":89,"column":37}},"89":{"start":{"line":90,"column":0},"end":{"line":90,"column":25}},"90":{"start":{"line":91,"column":0},"end":{"line":91,"column":0}},"91":{"start":{"line":92,"column":0},"end":{"line":92,"column":31}},"92":{"start":{"line":93,"column":0},"end":{"line":93,"column":21}},"93":{"start":{"line":94,"column":0},"end":{"line":94,"column":12}},"94":{"start":{"line":95,"column":0},"end":{"line":95,"column":31}},"95":{"start":{"line":96,"column":0},"end":{"line":96,"column":51}},"96":{"start":{"line":97,"column":0},"end":{"line":97,"column":36}},"97":{"start":{"line":98,"column":0},"end":{"line":98,"column":7}},"98":{"start":{"line":99,"column":0},"end":{"line":99,"column":18}},"99":{"start":{"line":100,"column":0},"end":{"line":100,"column":32}},"100":{"start":{"line":101,"column":0},"end":{"line":101,"column":9}},"101":{"start":{"line":102,"column":0},"end":{"line":102,"column":3}},"102":{"start":{"line":103,"column":0},"end":{"line":103,"column":0}},"103":{"start":{"line":104,"column":0},"end":{"line":104,"column":5}},"104":{"start":{"line":105,"column":0},"end":{"line":105,"column":20}},"105":{"start":{"line":106,"column":0},"end":{"line":106,"column":5}},"106":{"start":{"line":107,"column":0},"end":{"line":107,"column":10}},"107":{"start":{"line":108,"column":0},"end":{"line":108,"column":34}},"108":{"start":{"line":109,"column":0},"end":{"line":109,"column":26}},"109":{"start":{"line":110,"column":0},"end":{"line":110,"column":3}},"110":{"start":{"line":111,"column":0},"end":{"line":111,"column":0}},"111":{"start":{"line":112,"column":0},"end":{"line":112,"column":19}},"112":{"start":{"line":113,"column":0},"end":{"line":113,"column":25}},"113":{"start":{"line":114,"column":0},"end":{"line":114,"column":3}},"114":{"start":{"line":115,"column":0},"end":{"line":115,"column":0}},"115":{"start":{"line":116,"column":0},"end":{"line":116,"column":5}},"116":{"start":{"line":117,"column":0},"end":{"line":117,"column":23}},"117":{"start":{"line":118,"column":0},"end":{"line":118,"column":5}},"118":{"start":{"line":119,"column":0},"end":{"line":119,"column":24}},"119":{"start":{"line":120,"column":0},"end":{"line":120,"column":34}},"120":{"start":{"line":121,"column":0},"end":{"line":121,"column":3}},"121":{"start":{"line":122,"column":0},"end":{"line":122,"column":1}},"122":{"start":{"line":123,"column":0},"end":{"line":123,"column":0}},"123":{"start":{"line":124,"column":0},"end":{"line":124,"column":16}}},"s":{"0":1,"1":1,"2":1,"3":1,"4":1,"5":1,"6":1,"7":1,"8":1,"9":1,"10":1,"11":1,"12":1,"13":1,"14":1,"15":1,"16":1,"17":1,"18":1,"19":1,"20":1,"21":1,"22":1,"23":4,"24":4,"25":4,"26":4,"27":4,"28":4,"29":4,"30":4,"31":4,"32":4,"33":4,"34":4,"35":4,"36":4,"37":4,"38":4,"39":4,"40":4,"41":4,"42":4,"43":4,"44":4,"45":4,"46":1,"47":1,"48":1,"49":1,"50":1,"51":1,"52":1,"53":1,"54":4,"55":4,"56":4,"57":4,"58":1,"59":1,"60":1,"61":1,"62":1,"63":1,"64":1,"65":4,"66":4,"67":4,"68":4,"69":4,"70":4,"71":4,"72":4,"73":4,"74":1,"75":1,"76":1,"77":1,"78":1,"79":7,"80":7,"81":1,"82":1,"83":1,"84":1,"85":1,"86":1,"87":1,"88":1,"89":2,"90":2,"91":2,"92":2,"93":2,"94":2,"95":2,"96":2,"97":2,"98":2,"99":2,"100":2,"101":2,"102":1,"103":1,"104":1,"105":1,"106":1,"107":2,"108":2,"109":2,"110":1,"111":1,"112":0,"113":0,"114":1,"115":1,"116":1,"117":1,"118":1,"119":3,"120":3,"121":1,"122":1,"123":1},"branchMap":{"0":{"type":"branch","line":1,"loc":{"start":{"line":1,"column":0},"end":{"line":124,"column":16}},"locations":[{"start":{"line":1,"column":0},"end":{"line":124,"column":16}}]},"1":{"type":"branch","line":23,"loc":{"start":{"line":23,"column":2},"end":{"line":47,"column":36}},"locations":[{"start":{"line":23,"column":2},"end":{"line":47,"column":36}}]},"2":{"type":"branch","line":54,"loc":{"start":{"line":54,"column":2},"end":{"line":58,"column":3}},"locations":[{"start":{"line":54,"column":2},"end":{"line":58,"column":3}}]},"3":{"type":"branch","line":65,"loc":{"start":{"line":65,"column":2},"end":{"line":74,"column":3}},"locations":[{"start":{"line":65,"column":2},"end":{"line":74,"column":3}}]},"4":{"type":"branch","line":67,"loc":{"start":{"line":67,"column":16},"end":{"line":67,"column":76}},"locations":[{"start":{"line":67,"column":16},"end":{"line":67,"column":76}}]},"5":{"type":"branch","line":69,"loc":{"start":{"line":69,"column":14},"end":{"line":69,"column":71}},"locations":[{"start":{"line":69,"column":14},"end":{"line":69,"column":71}}]},"6":{"type":"branch","line":79,"loc":{"start":{"line":79,"column":2},"end":{"line":81,"column":3}},"locations":[{"start":{"line":79,"column":2},"end":{"line":81,"column":3}}]},"7":{"type":"branch","line":89,"loc":{"start":{"line":89,"column":2},"end":{"line":102,"column":3}},"locations":[{"start":{"line":89,"column":2},"end":{"line":102,"column":3}}]},"8":{"type":"branch","line":96,"loc":{"start":{"line":96,"column":18},"end":{"line":96,"column":49}},"locations":[{"start":{"line":96,"column":18},"end":{"line":96,"column":49}}]},"9":{"type":"branch","line":100,"loc":{"start":{"line":100,"column":14},"end":{"line":100,"column":31}},"locations":[{"start":{"line":100,"column":14},"end":{"line":100,"column":31}}]},"10":{"type":"branch","line":107,"loc":{"start":{"line":107,"column":2},"end":{"line":110,"column":3}},"locations":[{"start":{"line":107,"column":2},"end":{"line":110,"column":3}}]},"11":{"type":"branch","line":119,"loc":{"start":{"line":119,"column":2},"end":{"line":121,"column":3}},"locations":[{"start":{"line":119,"column":2},"end":{"line":121,"column":3}}]}},"b":{"0":[1],"1":[4],"2":[4],"3":[4],"4":[2],"5":[2],"6":[7],"7":[2],"8":[3],"9":[5],"10":[2],"11":[3]},"fnMap":{"0":{"name":"<instance_members_initializer>","decl":{"start":{"line":23,"column":2},"end":{"line":47,"column":36}},"loc":{"start":{"line":23,"column":2},"end":{"line":47,"column":36}},"line":23},"1":{"name":"Game","decl":{"start":{"line":54,"column":2},"end":{"line":58,"column":3}},"loc":{"start":{"line":54,"column":2},"end":{"line":58,"column":3}},"line":54},"2":{"name":"handleIncomingCellEvent","decl":{"start":{"line":65,"column":2},"end":{"line":74,"column":3}},"loc":{"start":{"line":65,"column":2},"end":{"line":74,"column":3}},"line":65},"3":{"name":"next","decl":{"start":{"line":69,"column":14},"end":{"line":69,"column":71}},"loc":{"start":{"line":69,"column":14},"end":{"line":69,"column":71}},"line":69},"4":{"name":"error","decl":{"start":{"line":70,"column":15},"end":{"line":71,"column":69}},"loc":{"start":{"line":70,"column":15},"end":{"line":71,"column":69}},"line":70},"5":{"name":"complete","decl":{"start":{"line":72,"column":18},"end":{"line":72,"column":68}},"loc":{"start":{"line":72,"column":18},"end":{"line":72,"column":68}},"line":72},"6":{"name":"tick","decl":{"start":{"line":79,"column":2},"end":{"line":81,"column":3}},"loc":{"start":{"line":79,"column":2},"end":{"line":81,"column":3}},"line":79},"7":{"name":"start","decl":{"start":{"line":89,"column":2},"end":{"line":102,"column":3}},"loc":{"start":{"line":89,"column":2},"end":{"line":102,"column":3}},"line":89},"8":{"name":"next","decl":{"start":{"line":100,"column":14},"end":{"line":100,"column":31}},"loc":{"start":{"line":100,"column":14},"end":{"line":100,"column":31}},"line":100},"9":{"name":"stop","decl":{"start":{"line":107,"column":2},"end":{"line":110,"column":3}},"loc":{"start":{"line":107,"column":2},"end":{"line":110,"column":3}},"line":107},"10":{"name":"get isRunning","decl":{"start":{"line":112,"column":2},"end":{"line":114,"column":3}},"loc":{"start":{"line":112,"column":2},"end":{"line":114,"column":3}},"line":112},"11":{"name":"set tickInterval","decl":{"start":{"line":119,"column":2},"end":{"line":121,"column":3}},"loc":{"start":{"line":119,"column":2},"end":{"line":121,"column":3}},"line":119}},"f":{"0":4,"1":4,"2":4,"3":2,"4":0,"5":0,"6":7,"7":2,"8":5,"9":2,"10":0,"11":3}}
,"/home/runner/work/GoLRx/GoLRx/src/lib/grid.js": {"path":"/home/runner/work/GoLRx/GoLRx/src/lib/grid.js","all":false,"statementMap":{"0":{"start":{"line":1,"column":0},"end":{"line":1,"column":70}},"1":{"start":{"line":2,"column":0},"end":{"line":2,"column":44}},"2":{"start":{"line":3,"column":0},"end":{"line":3,"column":33}},"3":{"start":{"line":4,"column":0},"end":{"line":4,"column":0}},"4":{"start":{"line":5,"column":0},"end":{"line":5,"column":12}},"5":{"start":{"line":6,"column":0},"end":{"line":6,"column":5}},"6":{"start":{"line":7,"column":0},"end":{"line":7,"column":32}},"7":{"start":{"line":8,"column":0},"end":{"line":8,"column":17}},"8":{"start":{"line":9,"column":0},"end":{"line":9,"column":5}},"9":{"start":{"line":10,"column":0},"end":{"line":10,"column":11}},"10":{"start":{"line":11,"column":0},"end":{"line":11,"column":0}},"11":{"start":{"line":12,"column":0},"end":{"line":12,"column":28}},"12":{"start":{"line":13,"column":0},"end":{"line":13,"column":9}},"13":{"start":{"line":14,"column":0},"end":{"line":14,"column":0}},"14":{"start":{"line":15,"column":0},"end":{"line":15,"column":27}},"15":{"start":{"line":16,"column":0},"end":{"line":16,"column":12}},"16":{"start":{"line":17,"column":0},"end":{"line":17,"column":0}},"17":{"start":{"line":18,"column":0},"end":{"line":18,"column":23}},"18":{"start":{"line":19,"column":0},"end":{"line":19,"column":8}},"19":{"start":{"line":20,"column":0},"end":{"line":20,"column":0}},"20":{"start":{"line":21,"column":0},"end":{"line":21,"column":23}},"21":{"start":{"line":22,"column":0},"end":{"line":22,"column":9}},"22":{"start":{"line":23,"column":0},"end":{"line":23,"column":0}},"23":{"start":{"line":24,"column":0},"end":{"line":24,"column":30}},"24":{"start":{"line":25,"column":0},"end":{"line":25,"column":27}},"25":{"start":{"line":26,"column":0},"end":{"line":26,"column":0}},"26":{"start":{"line":27,"column":0},"end":{"line":27,"column":49}},"27":{"start":{"line":28,"column":0},"end":{"line":28,"column":32}},"28":{"start":{"line":29,"column":0},"end":{"line":29,"column":0}},"29":{"start":{"line":30,"column":0},"end":{"line":30,"column":5}},"30":{"start":{"line":31,"column":0},"end":{"line":31,"column":43}},"31":{"start":{"line":32,"column":0},"end":{"line":32,"column":37}},"32":{"start":{"line":33,"column":0},"end":{"line":33,"column":5}},"33":{"start":{"line":34,"column":0},"end":{"line":34,"column":40}},"34":{"start":{"line":35,"column":0},"end":{"line":35,"column":0}},"35":{"start":{"line":36,"column":0},"end":{"line":36,"column":5}},"36":{"start":{"line":37,"column":0},"end":{"line":37,"column":53}},"37":{"start":{"line":38,"column":0},"end":{"line":38,"column":25}},"38":{"start":{"line":39,"column":0},"end":{"line":39,"column":5}},"39":{"start":{"line":40,"column":0},"end":{"line":40,"column":37}},"40":{"start":{"line":41,"column":0},"end":{"line":41,"column":0}},"41":{"start":{"line":42,"column":0},"end":{"line":42,"column":5}},"42":{"start":{"line":43,"column":0},"end":{"line":43,"column":52}},"43":{"start":{"line":44,"column":0},"end":{"line":44,"column":54}},"44":{"start":{"line":45,"column":0},"end":{"line":45,"column":5}},"45":{"start":{"line":46,"column":0},"end":{"line":46,"column":30}},"46":{"start":{"line":47,"column":0},"end":{"line":47,"column":45}},"47":{"start":{"line":48,"column":0},"end":{"line":48,"column":23}},"48":{"start":{"line":49,"column":0},"end":{"line":49,"column":25}},"49":{"start":{"line":50,"column":0},"end":{"line":50,"column":41}},"50":{"start":{"line":51,"column":0},"end":{"line":51,"column":22}},"51":{"start":{"line":52,"column":0},"end":{"line":52,"column":31}},"52":{"start":{"line":53,"column":0},"end":{"line":53,"column":3}},"53":{"start":{"line":54,"column":0},"end":{"line":54,"column":0}},"54":{"start":{"line":55,"column":0},"end":{"line":55,"column":16}},"55":{"start":{"line":56,"column":0},"end":{"line":56,"column":54}},"56":{"start":{"line":57,"column":0},"end":{"line":57,"column":50}},"57":{"start":{"line":58,"column":0},"end":{"line":58,"column":49}},"58":{"start":{"line":59,"column":0},"end":{"line":59,"column":77}},"59":{"start":{"line":60,"column":0},"end":{"line":60,"column":5}},"60":{"start":{"line":61,"column":0},"end":{"line":61,"column":3}},"61":{"start":{"line":62,"column":0},"end":{"line":62,"column":0}},"62":{"start":{"line":63,"column":0},"end":{"line":63,"column":5}},"63":{"start":{"line":64,"column":0},"end":{"line":64,"column":63}},"64":{"start":{"line":65,"column":0},"end":{"line":65,"column":65}},"65":{"start":{"line":66,"column":0},"end":{"line":66,"column":5}},"66":{"start":{"line":67,"column":0},"end":{"line":67,"column":25}},"67":{"start":{"line":68,"column":0},"end":{"line":68,"column":36}},"68":{"start":{"line":69,"column":0},"end":{"line":69,"column":52}},"69":{"start":{"line":70,"column":0},"end":{"line":70,"column":35}},"70":{"start":{"line":71,"column":0},"end":{"line":71,"column":8}},"71":{"start":{"line":72,"column":0},"end":{"line":72,"column":6}},"72":{"start":{"line":73,"column":0},"end":{"line":73,"column":3}},"73":{"start":{"line":74,"column":0},"end":{"line":74,"column":0}},"74":{"start":{"line":75,"column":0},"end":{"line":75,"column":5}},"75":{"start":{"line":76,"column":0},"end":{"line":76,"column":24}},"76":{"start":{"line":77,"column":0},"end":{"line":77,"column":24}},"77":{"start":{"line":78,"column":0},"end":{"line":78,"column":5}},"78":{"start":{"line":79,"column":0},"end":{"line":79,"column":26}},"79":{"start":{"line":80,"column":0},"end":{"line":80,"column":45}},"80":{"start":{"line":81,"column":0},"end":{"line":81,"column":3}},"81":{"start":{"line":82,"column":0},"end":{"line":82,"column":0}},"82":{"start":{"line":83,"column":0},"end":{"line":83,"column":5}},"83":{"start":{"line":84,"column":0},"end":{"line":84,"column":57}},"84":{"start":{"line":85,"column":0},"end":{"line":85,"column":5}},"85":{"start":{"line":86,"column":0},"end":{"line":86,"column":25}},"86":{"start":{"line":87,"column":0},"end":{"line":87,"column":77}},"87":{"start":{"line":88,"column":0},"end":{"line":88,"column":3}},"88":{"start":{"line":89,"column":0},"end":{"line":89,"column":0}},"89":{"start":{"line":90,"column":0},"end":{"line":90,"column":5}},"90":{"start":{"line":91,"column":0},"end":{"line":91,"column":24}},"91":{"start":{"line":92,"column":0},"end":{"line":92,"column":24}},"92":{"start":{"line":93,"column":0},"end":{"line":93,"column":62}},"93":{"start":{"line":94,"column":0},"end":{"line":94,"column":5}},"94":{"start":{"line":95,"column":0},"end":{"line":95,"column":33}},"95":{"start":{"line":96,"column":0},"end":{"line":96,"column":43}},"96":{"start":{"line":97,"column":0},"end":{"line":97,"column":3}},"97":{"start":{"line":98,"column":0},"end":{"line":98,"column":0}},"98":{"start":{"line":99,"column":0},"end":{"line":99,"column":5}},"99":{"start":{"line":100,"column":0},"end":{"line":100,"column":38}},"100":{"start":{"line":101,"column":0},"end":{"line":101,"column":25}},"101":{"start":{"line":102,"column":0},"end":{"line":102,"column":5}},"102":{"start":{"line":103,"column":0},"end":{"line":103,"column":27}},"103":{"start":{"line":104,"column":0},"end":{"line":104,"column":58}},"104":{"start":{"line":105,"column":0},"end":{"line":105,"column":3}},"105":{"start":{"line":106,"column":0},"end":{"line":106,"column":0}},"106":{"start":{"line":107,"column":0},"end":{"line":107,"column":5}},"107":{"start":{"line":108,"column":0},"end":{"line":108,"column":24}},"108":{"start":{"line":109,"column":0},"end":{"line":109,"column":24}},"109":{"start":{"line":110,"column":0},"end":{"line":110,"column":20}},"110":{"start":{"line":111,"column":0},"end":{"line":111,"column":5}},"111":{"start":{"line":112,"column":0},"end":{"line":112,"column":23}},"112":{"start":{"line":113,"column":0},"end":{"line":113,"column":42}},"113":{"start":{"line":114,"column":0},"end":{"line":114,"column":65}},"114":{"start":{"line":115,"column":0},"end":{"line":115,"column":27}},"115":{"start":{"line":116,"column":0},"end":{"line":116,"column":5}},"116":{"start":{"line":117,"column":0},"end":{"line":117,"column":43}},"117":{"start":{"line":118,"column":0},"end":{"line":118,"column":26}},"118":{"start":{"line":119,"column":0},"end":{"line":119,"column":3}},"119":{"start":{"line":120,"column":0},"end":{"line":120,"column":0}},"120":{"start":{"line":121,"column":0},"end":{"line":121,"column":5}},"121":{"start":{"line":122,"column":0},"end":{"line":122,"column":74}},"122":{"start":{"line":123,"column":0},"end":{"line":123,"column":5}},"123":{"start":{"line":124,"column":0},"end":{"line":124,"column":13}},"124":{"start":{"line":125,"column":0},"end":{"line":125,"column":24}},"125":{"start":{"line":126,"column":0},"end":{"line":126,"column":38}},"126":{"start":{"line":127,"column":0},"end":{"line":127,"column":39}},"127":{"start":{"line":128,"column":0},"end":{"line":128,"column":0}},"128":{"start":{"line":129,"column":0},"end":{"line":129,"column":42}},"129":{"start":{"line":130,"column":0},"end":{"line":130,"column":48}},"130":{"start":{"line":131,"column":0},"end":{"line":131,"column":43}},"131":{"start":{"line":132,"column":0},"end":{"line":132,"column":55}},"132":{"start":{"line":133,"column":0},"end":{"line":133,"column":63}},"133":{"start":{"line":134,"column":0},"end":{"line":134,"column":7}},"134":{"start":{"line":135,"column":0},"end":{"line":135,"column":5}},"135":{"start":{"line":136,"column":0},"end":{"line":136,"column":0}},"136":{"start":{"line":137,"column":0},"end":{"line":137,"column":15}},"137":{"start":{"line":138,"column":0},"end":{"line":138,"column":3}},"138":{"start":{"line":139,"column":0},"end":{"line":139,"column":0}},"139":{"start":{"line":140,"column":0},"end":{"line":140,"column":5}},"140":{"start":{"line":141,"column":0},"end":{"line":141,"column":44}},"141":{"start":{"line":142,"column":0},"end":{"line":142,"column":4}},"142":{"start":{"line":143,"column":0},"end":{"line":143,"column":24}},"143":{"start":{"line":144,"column":0},"end":{"line":144,"column":24}},"144":{"start":{"line":145,"column":0},"end":{"line":145,"column":22}},"145":{"start":{"line":146,"column":0},"end":{"line":146,"column":5}},"146":{"start":{"line":147,"column":0},"end":{"line":147,"column":35}},"147":{"start":{"line":148,"column":0},"end":{"line":148,"column":43}},"148":{"start":{"line":149,"column":0},"end":{"line":149,"column":32}},"149":{"start":{"line":150,"column":0},"end":{"line":150,"column":4}},"150":{"start":{"line":151,"column":0},"end":{"line":151,"column":0}},"151":{"start":{"line":152,"column":0},"end":{"line":152,"column":5}},"152":{"start":{"line":153,"column":0},"end":{"line":153,"column":38}},"153":{"start":{"line":154,"column":0},"end":{"line":154,"column":4}},"154":{"start":{"line":155,"column":0},"end":{"line":155,"column":30}},"155":{"start":{"line":156,"column":0},"end":{"line":156,"column":47}},"156":{"start":{"line":157,"column":0},"end":{"line":157,"column":5}},"157":{"start":{"line":158,"column":0},"end":{"line":158,"column":63}},"158":{"start":{"line":159,"column":0},"end":{"line":159,"column":0}},"159":{"start":{"line":160,"column":0},"end":{"line":160,"column":5}},"160":{"start":{"line":161,"column":0},"end":{"line":161,"column":73}},"161":{"start":{"line":162,"column":0},"end":{"line":162,"column":25}},"162":{"start":{"line":163,"column":0},"end":{"line":163,"column":4}},"163":{"start":{"line":164,"column":0},"end":{"line":164,"column":50}},"164":{"start":{"line":165,"column":0},"end":{"line":165,"column":22}},"165":{"start":{"line":166,"column":0},"end":{"line":166,"column":5}},"166":{"start":{"line":167,"column":0},"end":{"line":167,"column":23}},"167":{"start":{"line":168,"column":0},"end":{"line":168,"column":33}},"168":{"start":{"line":169,"column":0},"end":{"line":169,"column":29}},"169":{"start":{"line":170,"column":0},"end":{"line":170,"column":54}},"170":{"start":{"line":171,"column":0},"end":{"line":171,"column":36}},"171":{"start":{"line":172,"column":0},"end":{"line":172,"column":42}},"172":{"start":{"line":173,"column":0},"end":{"line":173,"column":21}},"173":{"start":{"line":174,"column":0},"end":{"line":174,"column":20}},"174":{"start":{"line":175,"column":0},"end":{"line":175,"column":20}},"175":{"start":{"line":176,"column":0},"end":{"line":176,"column":21}},"176":{"start":{"line":177,"column":0},"end":{"line":177,"column":21}},"177":{"start":{"line":178,"column":0},"end":{"line":178,"column":21}},"178":{"start":{"line":179,"column":0},"end":{"line":179,"column":21}},"179":{"start":{"line":180,"column":0},"end":{"line":180,"column":21}},"180":{"start":{"line":181,"column":0},"end":{"line":181,"column":0}},"181":{"start":{"line":182,"column":0},"end":{"line":182,"column":28}},"182":{"start":{"line":183,"column":0},"end":{"line":183,"column":21}},"183":{"start":{"line":184,"column":0},"end":{"line":184,"column":27}},"184":{"start":{"line":185,"column":0},"end":{"line":185,"column":5}},"185":{"start":{"line":186,"column":0},"end":{"line":186,"column":24}},"186":{"start":{"line":187,"column":0},"end":{"line":187,"column":27}},"187":{"start":{"line":188,"column":0},"end":{"line":188,"column":5}},"188":{"start":{"line":189,"column":0},"end":{"line":189,"column":22}},"189":{"start":{"line":190,"column":0},"end":{"line":190,"column":35}},"190":{"start":{"line":191,"column":0},"end":{"line":191,"column":5}},"191":{"start":{"line":192,"column":0},"end":{"line":192,"column":23}},"192":{"start":{"line":193,"column":0},"end":{"line":193,"column":35}},"193":{"start":{"line":194,"column":0},"end":{"line":194,"column":5}},"194":{"start":{"line":195,"column":0},"end":{"line":195,"column":0}},"195":{"start":{"line":196,"column":0},"end":{"line":196,"column":77}},"196":{"start":{"line":197,"column":0},"end":{"line":197,"column":3}},"197":{"start":{"line":198,"column":0},"end":{"line":198,"column":0}},"198":{"start":{"line":199,"column":0},"end":{"line":199,"column":10}},"199":{"start":{"line":200,"column":0},"end":{"line":200,"column":29}},"200":{"start":{"line":201,"column":0},"end":{"line":201,"column":27}},"201":{"start":{"line":202,"column":0},"end":{"line":202,"column":31}},"202":{"start":{"line":203,"column":0},"end":{"line":203,"column":30}},"203":{"start":{"line":204,"column":0},"end":{"line":204,"column":3}},"204":{"start":{"line":205,"column":0},"end":{"line":205,"column":0}},"205":{"start":{"line":206,"column":0},"end":{"line":206,"column":16}},"206":{"start":{"line":207,"column":0},"end":{"line":207,"column":36}},"207":{"start":{"line":208,"column":0},"end":{"line":208,"column":31}},"208":{"start":{"line":209,"column":0},"end":{"line":209,"column":29}},"209":{"start":{"line":210,"column":0},"end":{"line":210,"column":5}},"210":{"start":{"line":211,"column":0},"end":{"line":211,"column":31}},"211":{"start":{"line":212,"column":0},"end":{"line":212,"column":3}},"212":{"start":{"line":213,"column":0},"end":{"line":213,"column":0}},"213":{"start":{"line":214,"column":0},"end":{"line":214,"column":5}},"214":{"start":{"line":215,"column":0},"end":{"line":215,"column":52}},"215":{"start":{"line":216,"column":0},"end":{"line":216,"column":5}},"216":{"start":{"line":217,"column":0},"end":{"line":217,"column":21}},"217":{"start":{"line":218,"column":0},"end":{"line":218,"column":65}},"218":{"start":{"line":219,"column":0},"end":{"line":219,"column":3}},"219":{"start":{"line":220,"column":0},"end":{"line":220,"column":0}},"220":{"start":{"line":221,"column":0},"end":{"line":221,"column":17}},"221":{"start":{"line":222,"column":0},"end":{"line":222,"column":36}},"222":{"start":{"line":223,"column":0},"end":{"line":223,"column":3}},"223":{"start":{"line":224,"column":0},"end":{"line":224,"column":0}},"224":{"start":{"line":225,"column":0},"end":{"line":225,"column":20}},"225":{"start":{"line":226,"column":0},"end":{"line":226,"column":80}},"226":{"start":{"line":227,"column":0},"end":{"line":227,"column":3}},"227":{"start":{"line":228,"column":0},"end":{"line":228,"column":0}},"228":{"start":{"line":229,"column":0},"end":{"line":229,"column":5}},"229":{"start":{"line":230,"column":0},"end":{"line":230,"column":47}},"230":{"start":{"line":231,"column":0},"end":{"line":231,"column":5}},"231":{"start":{"line":232,"column":0},"end":{"line":232,"column":18}},"232":{"start":{"line":233,"column":0},"end":{"line":233,"column":23}},"233":{"start":{"line":234,"column":0},"end":{"line":234,"column":3}},"234":{"start":{"line":235,"column":0},"end":{"line":235,"column":1}},"235":{"start":{"line":236,"column":0},"end":{"line":236,"column":0}},"236":{"start":{"line":237,"column":0},"end":{"line":237,"column":16}}},"s":{"0":2,"1":2,"2":2,"3":2,"4":2,"5":2,"6":2,"7":2,"8":2,"9":2,"10":8,"11":8,"12":8,"13":8,"14":8,"15":8,"16":8,"17":8,"18":8,"19":8,"20":8,"21":8,"22":8,"23":8,"24":8,"25":8,"26":8,"27":8,"28":8,"29":8,"30":8,"31":8,"32":8,"33":8,"34":8,"35":8,"36":8,"37":8,"38":8,"39":8,"40":8,"41":8,"42":8,"43":8,"44":8,"45":8,"46":8,"47":8,"48":8,"49":8,"50":8,"51":8,"52":8,"53":8,"54":8,"55":8,"56":8,"57":208,"58":208,"59":208,"60":8,"61":8,"62":8,"63":8,"64":8,"65":8,"66":8,"67":8,"68":208,"69":208,"70":8,"71":8,"72":8,"73":8,"74":8,"75":8,"76":8,"77":8,"78":8,"79":10,"80":10,"81":8,"82":8,"83":8,"84":8,"85":8,"86":5,"87":5,"88":8,"89":8,"90":8,"91":8,"92":8,"93":8,"94":8,"95":55,"96":55,"97":8,"98":8,"99":8,"100":8,"101":8,"102":8,"103":1,"104":1,"105":8,"106":8,"107":8,"108":8,"109":8,"110":8,"111":8,"112":754,"113":0,"114":0,"115":0,"116":754,"117":754,"118":754,"119":8,"120":8,"121":8,"122":8,"123":8,"124":27,"125":27,"126":27,"127":27,"128":27,"129":27,"130":93,"131":93,"132":699,"133":699,"134":93,"135":27,"136":27,"137":27,"138":8,"139":8,"140":8,"141":8,"142":8,"143":8,"144":8,"145":8,"146":8,"147":754,"148":754,"149":8,"150":8,"151":8,"152":8,"153":8,"154":8,"155":8,"156":8,"157":2,"158":2,"159":2,"160":2,"161":2,"162":2,"163":2,"164":2,"165":2,"166":2,"167":208,"168":208,"169":208,"170":208,"171":208,"172":208,"173":208,"174":208,"175":208,"176":208,"177":208,"178":208,"179":208,"180":208,"181":208,"182":208,"183":144,"184":144,"185":208,"186":144,"187":144,"188":208,"189":182,"190":182,"191":208,"192":182,"193":182,"194":208,"195":208,"196":208,"197":2,"198":2,"199":7,"200":7,"201":7,"202":7,"203":7,"204":2,"205":2,"206":7,"207":3,"208":3,"209":3,"210":7,"211":7,"212":2,"213":2,"214":2,"215":2,"216":2,"217":10,"218":10,"219":2,"220":2,"221":4,"222":4,"223":2,"224":2,"225":345,"226":345,"227":2,"228":2,"229":2,"230":2,"231":2,"232":11,"233":11,"234":2,"235":2,"236":2},"branchMap":{"0":{"type":"branch","line":1,"loc":{"start":{"line":1,"column":0},"end":{"line":237,"column":16}},"locations":[{"start":{"line":1,"column":0},"end":{"line":237,"column":16}}]},"1":{"type":"branch","line":10,"loc":{"start":{"line":10,"column":2},"end":{"line":158,"column":62}},"locations":[{"start":{"line":10,"column":2},"end":{"line":158,"column":62}}]},"2":{"type":"branch","line":46,"loc":{"start":{"line":46,"column":2},"end":{"line":53,"column":3}},"locations":[{"start":{"line":46,"column":2},"end":{"line":53,"column":3}}]},"3":{"type":"branch","line":55,"loc":{"start":{"line":55,"column":2},"end":{"line":61,"column":3}},"locations":[{"start":{"line":55,"column":2},"end":{"line":61,"column":3}}]},"4":{"type":"branch","line":57,"loc":{"start":{"line":57,"column":49},"end":{"line":60,"column":5}},"locations":[{"start":{"line":57,"column":49},"end":{"line":60,"column":5}}]},"5":{"type":"branch","line":67,"loc":{"start":{"line":67,"column":2},"end":{"line":73,"column":3}},"locations":[{"start":{"line":67,"column":2},"end":{"line":73,"column":3}}]},"6":{"type":"branch","line":68,"loc":{"start":{"line":68,"column":24},"end":{"line":71,"column":7}},"locations":[{"start":{"line":68,"column":24},"end":{"line":71,"column":7}}]},"7":{"type":"branch","line":69,"loc":{"start":{"line":69,"column":39},"end":{"line":70,"column":34}},"locations":[{"start":{"line":69,"column":39},"end":{"line":70,"column":34}}]},"8":{"type":"branch","line":79,"loc":{"start":{"line":79,"column":2},"end":{"line":81,"column":3}},"locations":[{"start":{"line":79,"column":2},"end":{"line":81,"column":3}}]},"9":{"type":"branch","line":86,"loc":{"start":{"line":86,"column":2},"end":{"line":88,"column":3}},"locations":[{"start":{"line":86,"column":2},"end":{"line":88,"column":3}}]},"10":{"type":"branch","line":87,"loc":{"start":{"line":87,"column":19},"end":{"line":87,"column":75}},"locations":[{"start":{"line":87,"column":19},"end":{"line":87,"column":75}}]},"11":{"type":"branch","line":95,"loc":{"start":{"line":95,"column":2},"end":{"line":97,"column":3}},"locations":[{"start":{"line":95,"column":2},"end":{"line":97,"column":3}}]},"12":{"type":"branch","line":103,"loc":{"start":{"line":103,"column":2},"end":{"line":105,"column":3}},"locations":[{"start":{"line":103,"column":2},"end":{"line":105,"column":3}}]},"13":{"type":"branch","line":104,"loc":{"start":{"line":104,"column":26},"end":{"line":104,"column":56}},"locations":[{"start":{"line":104,"column":26},"end":{"line":104,"column":56}}]},"14":{"type":"branch","line":112,"loc":{"start":{"line":112,"column":2},"end":{"line":119,"column":3}},"locations":[{"start":{"line":112,"column":2},"end":{"line":119,"column":3}}]},"15":{"type":"branch","line":113,"loc":{"start":{"line":113,"column":41},"end":{"line":116,"column":5}},"locations":[{"start":{"line":113,"column":41},"end":{"line":116,"column":5}}]},"16":{"type":"branch","line":124,"loc":{"start":{"line":124,"column":2},"end":{"line":138,"column":3}},"locations":[{"start":{"line":124,"column":2},"end":{"line":138,"column":3}}]},"17":{"type":"branch","line":130,"loc":{"start":{"line":130,"column":47},"end":{"line":135,"column":5}},"locations":[{"start":{"line":130,"column":47},"end":{"line":135,"column":5}}]},"18":{"type":"branch","line":132,"loc":{"start":{"line":132,"column":54},"end":{"line":134,"column":7}},"locations":[{"start":{"line":132,"column":54},"end":{"line":134,"column":7}}]},"19":{"type":"branch","line":147,"loc":{"start":{"line":147,"column":18},"end":{"line":150,"column":3}},"locations":[{"start":{"line":147,"column":18},"end":{"line":150,"column":3}}]},"20":{"type":"branch","line":158,"loc":{"start":{"line":158,"column":17},"end":{"line":158,"column":62}},"locations":[{"start":{"line":158,"column":17},"end":{"line":158,"column":62}}]},"21":{"type":"branch","line":158,"loc":{"start":{"line":158,"column":31},"end":{"line":158,"column":62}},"locations":[{"start":{"line":158,"column":31},"end":{"line":158,"column":62}}]},"22":{"type":"branch","line":167,"loc":{"start":{"line":167,"column":2},"end":{"line":197,"column":3}},"locations":[{"start":{"line":167,"column":2},"end":{"line":197,"column":3}}]},"23":{"type":"branch","line":183,"loc":{"start":{"line":183,"column":20},"end":{"line":185,"column":5}},"locations":[{"start":{"line":183,"column":20},"end":{"line":185,"column":5}}]},"24":{"type":"branch","line":186,"loc":{"start":{"line":186,"column":23},"end":{"line":188,"column":5}},"locations":[{"start":{"line":186,"column":23},"end":{"line":188,"column":5}}]},"25":{"type":"branch","line":189,"loc":{"start":{"line":189,"column":21},"end":{"line":191,"column":5}},"locations":[{"start":{"line":189,"column":21},"end":{"line":191,"column":5}}]},"26":{"type":"branch","line":192,"loc":{"start":{"line":192,"column":22},"end":{"line":194,"column":5}},"locations":[{"start":{"line":192,"column":22},"end":{"line":194,"column":5}}]},"27":{"type":"branch","line":196,"loc":{"start":{"line":196,"column":54},"end":{"line":196,"column":75}},"locations":[{"start":{"line":196,"column":54},"end":{"line":196,"column":75}}]},"28":{"type":"branch","line":199,"loc":{"start":{"line":199,"column":2},"end":{"line":204,"column":3}},"locations":[{"start":{"line":199,"column":2},"end":{"line":204,"column":3}}]},"29":{"type":"branch","line":206,"loc":{"start":{"line":206,"column":2},"end":{"line":212,"column":3}},"locations":[{"start":{"line":206,"column":2},"end":{"line":212,"column":3}}]},"30":{"type":"branch","line":207,"loc":{"start":{"line":207,"column":35},"end":{"line":210,"column":5}},"locations":[{"start":{"line":207,"column":35},"end":{"line":210,"column":5}}]},"31":{"type":"branch","line":217,"loc":{"start":{"line":217,"column":2},"end":{"line":219,"column":3}},"locations":[{"start":{"line":217,"column":2},"end":{"line":219,"column":3}}]},"32":{"type":"branch","line":218,"loc":{"start":{"line":218,"column":26},"end":{"line":218,"column":63}},"locations":[{"start":{"line":218,"column":26},"end":{"line":218,"column":63}}]},"33":{"type":"branch","line":221,"loc":{"start":{"line":221,"column":2},"end":{"line":223,"column":3}},"locations":[{"start":{"line":221,"column":2},"end":{"line":223,"column":3}}]},"34":{"type":"branch","line":225,"loc":{"start":{"line":225,"column":2},"end":{"line":227,"column":3}},"locations":[{"start":{"line":225,"column":2},"end":{"line":227,"column":3}}]},"35":{"type":"branch","line":226,"loc":{"start":{"line":226,"column":52},"end":{"line":226,"column":77}},"locations":[{"start":{"line":226,"column":52},"end":{"line":226,"column":77}}]},"36":{"type":"branch","line":232,"loc":{"start":{"line":232,"column":2},"end":{"line":234,"column":3}},"locations":[{"start":{"line":232,"column":2},"end":{"line":234,"column":3}}]}},"b":{"0":[2],"1":[8],"2":[8],"3":[8],"4":[208],"5":[8],"6":[208],"7":[1156],"8":[10],"9":[5],"10":[43],"11":[55],"12":[1],"13":[9],"14":[754],"15":[0],"16":[27],"17":[93],"18":[699],"19":[754],"20":[2134],"21":[2022],"22":[208],"23":[144],"24":[144],"25":[182],"26":[182],"27":[1156],"28":[7],"29":[7],"30":[3],"31":[10],"32":[345],"33":[4],"34":[345],"35":[631],"36":[11]},"fnMap":{"0":{"name":"<instance_members_initializer>","decl":{"start":{"line":10,"column":2},"end":{"line":158,"column":62}},"loc":{"start":{"line":10,"column":2},"end":{"line":158,"column":62}},"line":10},"1":{"name":"Grid","decl":{"start":{"line":46,"column":2},"end":{"line":53,"column":3}},"loc":{"start":{"line":46,"column":2},"end":{"line":53,"column":3}},"line":46},"2":{"name":"#initPlane","decl":{"start":{"line":55,"column":2},"end":{"line":61,"column":3}},"loc":{"start":{"line":55,"column":2},"end":{"line":61,"column":3}},"line":55},"3":{"name":"#introduceNeighbors","decl":{"start":{"line":67,"column":2},"end":{"line":73,"column":3}},"loc":{"start":{"line":67,"column":2},"end":{"line":73,"column":3}},"line":67},"4":{"name":"activateCell","decl":{"start":{"line":79,"column":2},"end":{"line":81,"column":3}},"loc":{"start":{"line":79,"column":2},"end":{"line":81,"column":3}},"line":79},"5":{"name":"activateCells","decl":{"start":{"line":86,"column":2},"end":{"line":88,"column":3}},"loc":{"start":{"line":86,"column":2},"end":{"line":88,"column":3}},"line":86},"6":{"name":"setCellState","decl":{"start":{"line":95,"column":2},"end":{"line":97,"column":3}},"loc":{"start":{"line":95,"column":2},"end":{"line":97,"column":3}},"line":95},"7":{"name":"setAllCellStates","decl":{"start":{"line":103,"column":2},"end":{"line":105,"column":3}},"loc":{"start":{"line":103,"column":2},"end":{"line":105,"column":3}},"line":103},"8":{"name":"getCellAt","decl":{"start":{"line":112,"column":2},"end":{"line":119,"column":3}},"loc":{"start":{"line":112,"column":2},"end":{"line":119,"column":3}},"line":112},"9":{"name":"getGrid","decl":{"start":{"line":124,"column":2},"end":{"line":138,"column":3}},"loc":{"start":{"line":124,"column":2},"end":{"line":138,"column":3}},"line":124},"10":{"name":"#insideBounds","decl":{"start":{"line":147,"column":18},"end":{"line":150,"column":3}},"loc":{"start":{"line":147,"column":18},"end":{"line":150,"column":3}},"line":147},"11":{"name":"#insidePlane","decl":{"start":{"line":158,"column":17},"end":{"line":158,"column":62}},"loc":{"start":{"line":158,"column":17},"end":{"line":158,"column":62}},"line":158},"12":{"name":"#getNeighborhood","decl":{"start":{"line":167,"column":2},"end":{"line":197,"column":3}},"loc":{"start":{"line":167,"column":2},"end":{"line":197,"column":3}},"line":167},"13":{"name":"tick","decl":{"start":{"line":199,"column":2},"end":{"line":204,"column":3}},"loc":{"start":{"line":199,"column":2},"end":{"line":204,"column":3}},"line":199},"14":{"name":"transition","decl":{"start":{"line":206,"column":2},"end":{"line":212,"column":3}},"loc":{"start":{"line":206,"column":2},"end":{"line":212,"column":3}},"line":206},"15":{"name":"#broadcastStart","decl":{"start":{"line":217,"column":2},"end":{"line":219,"column":3}},"loc":{"start":{"line":217,"column":2},"end":{"line":219,"column":3}},"line":217},"16":{"name":"get running","decl":{"start":{"line":221,"column":2},"end":{"line":223,"column":3}},"loc":{"start":{"line":221,"column":2},"end":{"line":223,"column":3}},"line":221},"17":{"name":"get stopSignal","decl":{"start":{"line":225,"column":2},"end":{"line":227,"column":3}},"loc":{"start":{"line":225,"column":2},"end":{"line":227,"column":3}},"line":225},"18":{"name":"get allCells","decl":{"start":{"line":232,"column":2},"end":{"line":234,"column":3}},"loc":{"start":{"line":232,"column":2},"end":{"line":234,"column":3}},"line":232}},"f":{"0":8,"1":8,"2":8,"3":8,"4":10,"5":5,"6":55,"7":1,"8":754,"9":27,"10":754,"11":2134,"12":208,"13":7,"14":7,"15":10,"16":4,"17":345,"18":11}}
,"/home/runner/work/GoLRx/GoLRx/src/lib/util.js": {"path":"/home/runner/work/GoLRx/GoLRx/src/lib/util.js","all":false,"statementMap":{"0":{"start":{"line":1,"column":0},"end":{"line":1,"column":3}},"1":{"start":{"line":2,"column":0},"end":{"line":2,"column":57}},"2":{"start":{"line":3,"column":0},"end":{"line":3,"column":3}},"3":{"start":{"line":4,"column":0},"end":{"line":4,"column":13}},"4":{"start":{"line":5,"column":0},"end":{"line":5,"column":33}},"5":{"start":{"line":6,"column":0},"end":{"line":6,"column":33}},"6":{"start":{"line":7,"column":0},"end":{"line":7,"column":0}},"7":{"start":{"line":8,"column":0},"end":{"line":8,"column":31}},"8":{"start":{"line":9,"column":0},"end":{"line":9,"column":22}},"9":{"start":{"line":10,"column":0},"end":{"line":10,"column":23}},"10":{"start":{"line":11,"column":0},"end":{"line":11,"column":3}},"11":{"start":{"line":12,"column":0},"end":{"line":12,"column":0}},"12":{"start":{"line":13,"column":0},"end":{"line":13,"column":27}},"13":{"start":{"line":14,"column":0},"end":{"line":14,"column":17}},"14":{"start":{"line":15,"column":0},"end":{"line":15,"column":22}},"15":{"start":{"line":16,"column":0},"end":{"line":16,"column":3}},"16":{"start":{"line":17,"column":0},"end":{"line":17,"column":0}},"17":{"start":{"line":18,"column":0},"end":{"line":18,"column":27}},"18":{"start":{"line":19,"column":0},"end":{"line":19,"column":16}},"19":{"start":{"line":20,"column":0},"end":{"line":20,"column":23}},"20":{"start":{"line":21,"column":0},"end":{"line":21,"column":3}},"21":{"start":{"line":22,"column":0},"end":{"line":22,"column":0}},"22":{"start":{"line":23,"column":0},"end":{"line":23,"column":14}},"23":{"start":{"line":24,"column":0},"end":{"line":24,"column":41}},"24":{"start":{"line":25,"column":0},"end":{"line":25,"column":3}},"25":{"start":{"line":26,"column":0},"end":{"line":26,"column":1}},"26":{"start":{"line":27,"column":0},"end":{"line":27,"column":0}},"27":{"start":{"line":28,"column":0},"end":{"line":28,"column":31}},"28":{"start":{"line":29,"column":0},"end":{"line":29,"column":35}},"29":{"start":{"line":30,"column":0},"end":{"line":30,"column":36}},"30":{"start":{"line":31,"column":0},"end":{"line":31,"column":18}},"31":{"start":{"line":32,"column":0},"end":{"line":32,"column":2}},"32":{"start":{"line":33,"column":0},"end":{"line":33,"column":0}},"33":{"start":{"line":34,"column":0},"end":{"line":34,"column":3}},"34":{"start":{"line":35,"column":0},"end":{"line":35,"column":14}},"35":{"start":{"line":36,"column":0},"end":{"line":36,"column":35}},"36":{"start":{"line":37,"column":0},"end":{"line":37,"column":92}},"37":{"start":{"line":38,"column":0},"end":{"line":38,"column":40}},"38":{"start":{"line":39,"column":0},"end":{"line":39,"column":3}},"39":{"start":{"line":40,"column":0},"end":{"line":40,"column":52}},"40":{"start":{"line":41,"column":0},"end":{"line":41,"column":18}},"41":{"start":{"line":42,"column":0},"end":{"line":42,"column":50}},"42":{"start":{"line":43,"column":0},"end":{"line":43,"column":28}},"43":{"start":{"line":44,"column":0},"end":{"line":44,"column":16}},"44":{"start":{"line":45,"column":0},"end":{"line":45,"column":66}},"45":{"start":{"line":46,"column":0},"end":{"line":46,"column":18}},"46":{"start":{"line":47,"column":0},"end":{"line":47,"column":5}},"47":{"start":{"line":48,"column":0},"end":{"line":48,"column":15}},"48":{"start":{"line":49,"column":0},"end":{"line":49,"column":50}},"49":{"start":{"line":50,"column":0},"end":{"line":50,"column":13}},"50":{"start":{"line":51,"column":0},"end":{"line":51,"column":1}},"51":{"start":{"line":52,"column":0},"end":{"line":52,"column":0}},"52":{"start":{"line":53,"column":0},"end":{"line":53,"column":42}},"53":{"start":{"line":54,"column":0},"end":{"line":54,"column":29}},"54":{"start":{"line":55,"column":0},"end":{"line":55,"column":51}},"55":{"start":{"line":56,"column":0},"end":{"line":56,"column":1}},"56":{"start":{"line":57,"column":0},"end":{"line":57,"column":0}},"57":{"start":{"line":58,"column":0},"end":{"line":58,"column":3}},"58":{"start":{"line":59,"column":0},"end":{"line":59,"column":14}},"59":{"start":{"line":60,"column":0},"end":{"line":60,"column":34}},"60":{"start":{"line":61,"column":0},"end":{"line":61,"column":35}},"61":{"start":{"line":62,"column":0},"end":{"line":62,"column":69}},"62":{"start":{"line":63,"column":0},"end":{"line":63,"column":3}},"63":{"start":{"line":64,"column":0},"end":{"line":64,"column":66}},"64":{"start":{"line":65,"column":0},"end":{"line":65,"column":0}},"65":{"start":{"line":66,"column":0},"end":{"line":66,"column":3}},"66":{"start":{"line":67,"column":0},"end":{"line":67,"column":13}},"67":{"start":{"line":68,"column":0},"end":{"line":68,"column":3}},"68":{"start":{"line":69,"column":0},"end":{"line":69,"column":16}},"69":{"start":{"line":70,"column":0},"end":{"line":70,"column":45}},"70":{"start":{"line":71,"column":0},"end":{"line":71,"column":5}},"71":{"start":{"line":72,"column":0},"end":{"line":72,"column":0}},"72":{"start":{"line":73,"column":0},"end":{"line":73,"column":19}},"73":{"start":{"line":74,"column":0},"end":{"line":74,"column":17}},"74":{"start":{"line":75,"column":0},"end":{"line":75,"column":3}},"75":{"start":{"line":76,"column":0},"end":{"line":76,"column":0}},"76":{"start":{"line":77,"column":0},"end":{"line":77,"column":5}},"77":{"start":{"line":78,"column":0},"end":{"line":78,"column":14}},"78":{"start":{"line":79,"column":0},"end":{"line":79,"column":39}},"79":{"start":{"line":80,"column":0},"end":{"line":80,"column":39}},"80":{"start":{"line":81,"column":0},"end":{"line":81,"column":34}},"81":{"start":{"line":82,"column":0},"end":{"line":82,"column":5}},"82":{"start":{"line":83,"column":0},"end":{"line":83,"column":18}},"83":{"start":{"line":84,"column":0},"end":{"line":84,"column":0}},"84":{"start":{"line":85,"column":0},"end":{"line":85,"column":5}},"85":{"start":{"line":86,"column":0},"end":{"line":86,"column":14}},"86":{"start":{"line":87,"column":0},"end":{"line":87,"column":34}},"87":{"start":{"line":88,"column":0},"end":{"line":88,"column":55}},"88":{"start":{"line":89,"column":0},"end":{"line":89,"column":5}},"89":{"start":{"line":90,"column":0},"end":{"line":90,"column":13}},"90":{"start":{"line":91,"column":0},"end":{"line":91,"column":1}},"91":{"start":{"line":92,"column":0},"end":{"line":92,"column":0}},"92":{"start":{"line":93,"column":0},"end":{"line":93,"column":33}},"93":{"start":{"line":94,"column":0},"end":{"line":94,"column":22}},"94":{"start":{"line":95,"column":0},"end":{"line":95,"column":17}},"95":{"start":{"line":96,"column":0},"end":{"line":96,"column":3}},"96":{"start":{"line":97,"column":0},"end":{"line":97,"column":0}},"97":{"start":{"line":98,"column":0},"end":{"line":98,"column":17}},"98":{"start":{"line":99,"column":0},"end":{"line":99,"column":31}},"99":{"start":{"line":100,"column":0},"end":{"line":100,"column":3}},"100":{"start":{"line":101,"column":0},"end":{"line":101,"column":0}},"101":{"start":{"line":102,"column":0},"end":{"line":102,"column":12}},"102":{"start":{"line":103,"column":0},"end":{"line":103,"column":40}},"103":{"start":{"line":104,"column":0},"end":{"line":104,"column":34}},"104":{"start":{"line":105,"column":0},"end":{"line":105,"column":22}},"105":{"start":{"line":106,"column":0},"end":{"line":106,"column":3}},"106":{"start":{"line":107,"column":0},"end":{"line":107,"column":1}},"107":{"start":{"line":108,"column":0},"end":{"line":108,"column":0}},"108":{"start":{"line":109,"column":0},"end":{"line":109,"column":33}},"109":{"start":{"line":110,"column":0},"end":{"line":110,"column":23}},"110":{"start":{"line":111,"column":0},"end":{"line":111,"column":18}},"111":{"start":{"line":112,"column":0},"end":{"line":112,"column":3}},"112":{"start":{"line":113,"column":0},"end":{"line":113,"column":0}},"113":{"start":{"line":114,"column":0},"end":{"line":114,"column":17}},"114":{"start":{"line":115,"column":0},"end":{"line":115,"column":31}},"115":{"start":{"line":116,"column":0},"end":{"line":116,"column":3}},"116":{"start":{"line":117,"column":0},"end":{"line":117,"column":0}},"117":{"start":{"line":118,"column":0},"end":{"line":118,"column":12}},"118":{"start":{"line":119,"column":0},"end":{"line":119,"column":40}},"119":{"start":{"line":120,"column":0},"end":{"line":120,"column":34}},"120":{"start":{"line":121,"column":0},"end":{"line":121,"column":22}},"121":{"start":{"line":122,"column":0},"end":{"line":122,"column":3}},"122":{"start":{"line":123,"column":0},"end":{"line":123,"column":1}},"123":{"start":{"line":124,"column":0},"end":{"line":124,"column":0}},"124":{"start":{"line":125,"column":0},"end":{"line":125,"column":70}}},"s":{"0":4,"1":4,"2":4,"3":4,"4":4,"5":4,"6":4,"7":4,"8":4,"9":8,"10":8,"11":4,"12":4,"13":4,"14":1149,"15":1149,"16":4,"17":4,"18":4,"19":393,"20":393,"21":4,"22":4,"23":0,"24":0,"25":4,"26":4,"27":4,"28":0,"29":0,"30":0,"31":4,"32":4,"33":4,"34":4,"35":4,"36":4,"37":4,"38":4,"39":0,"40":0,"41":0,"42":0,"43":0,"44":0,"45":0,"46":0,"47":0,"48":0,"49":0,"50":0,"51":4,"52":4,"53":0,"54":0,"55":0,"56":4,"57":4,"58":4,"59":4,"60":4,"61":4,"62":4,"63":4,"64":4,"65":4,"66":4,"67":4,"68":4,"69":4,"70":4,"71":4,"72":4,"73":10,"74":10,"75":4,"76":4,"77":4,"78":4,"79":4,"80":4,"81":4,"82":4,"83":4,"84":4,"85":4,"86":4,"87":4,"88":4,"89":4,"90":4,"91":4,"92":4,"93":4,"94":9,"95":9,"96":4,"97":4,"98":1514,"99":1514,"100":4,"101":4,"102":214,"103":214,"104":214,"105":214,"106":4,"107":4,"108":4,"109":4,"110":1,"111":1,"112":4,"113":4,"114":6,"115":6,"116":4,"117":4,"118":6,"119":6,"120":6,"121":6,"122":4,"123":4,"124":4},"branchMap":{"0":{"type":"branch","line":1,"loc":{"start":{"line":1,"column":0},"end":{"line":125,"column":70}},"locations":[{"start":{"line":1,"column":0},"end":{"line":125,"column":70}}]},"1":{"type":"branch","line":5,"loc":{"start":{"line":5,"column":2},"end":{"line":6,"column":32}},"locations":[{"start":{"line":5,"column":2},"end":{"line":6,"column":32}}]},"2":{"type":"branch","line":9,"loc":{"start":{"line":9,"column":2},"end":{"line":11,"column":3}},"locations":[{"start":{"line":9,"column":2},"end":{"line":11,"column":3}}]},"3":{"type":"branch","line":14,"loc":{"start":{"line":14,"column":2},"end":{"line":16,"column":3}},"locations":[{"start":{"line":14,"column":2},"end":{"line":16,"column":3}}]},"4":{"type":"branch","line":19,"loc":{"start":{"line":19,"column":2},"end":{"line":21,"column":3}},"locations":[{"start":{"line":19,"column":2},"end":{"line":21,"column":3}}]},"5":{"type":"branch","line":71,"loc":{"start":{"line":71,"column":2},"end":{"line":71,"column":4}},"locations":[{"start":{"line":71,"column":2},"end":{"line":71,"column":4}}]},"6":{"type":"branch","line":73,"loc":{"start":{"line":73,"column":2},"end":{"line":75,"column":3}},"locations":[{"start":{"line":73,"column":2},"end":{"line":75,"column":3}}]},"7":{"type":"branch","line":94,"loc":{"start":{"line":94,"column":2},"end":{"line":96,"column":3}},"locations":[{"start":{"line":94,"column":2},"end":{"line":96,"column":3}}]},"8":{"type":"branch","line":98,"loc":{"start":{"line":98,"column":2},"end":{"line":100,"column":3}},"locations":[{"start":{"line":98,"column":2},"end":{"line":100,"column":3}}]},"9":{"type":"branch","line":102,"loc":{"start":{"line":102,"column":2},"end":{"line":106,"column":3}},"locations":[{"start":{"line":102,"column":2},"end":{"line":106,"column":3}}]},"10":{"type":"branch","line":110,"loc":{"start":{"line":110,"column":2},"end":{"line":112,"column":3}},"locations":[{"start":{"line":110,"column":2},"end":{"line":112,"column":3}}]},"11":{"type":"branch","line":114,"loc":{"start":{"line":114,"column":2},"end":{"line":116,"column":3}},"locations":[{"start":{"line":114,"column":2},"end":{"line":116,"column":3}}]},"12":{"type":"branch","line":118,"loc":{"start":{"line":118,"column":2},"end":{"line":122,"column":3}},"locations":[{"start":{"line":118,"column":2},"end":{"line":122,"column":3}}]}},"b":{"0":[4],"1":[4],"2":[8],"3":[1149],"4":[393],"5":[10],"6":[10],"7":[9],"8":[1514],"9":[214],"10":[1],"11":[6],"12":[6]},"fnMap":{"0":{"name":"<static_initializer>","decl":{"start":{"line":5,"column":2},"end":{"line":6,"column":32}},"loc":{"start":{"line":5,"column":2},"end":{"line":6,"column":32}},"line":5},"1":{"name":"State","decl":{"start":{"line":9,"column":2},"end":{"line":11,"column":3}},"loc":{"start":{"line":9,"column":2},"end":{"line":11,"column":3}},"line":9},"2":{"name":"get isAlive","decl":{"start":{"line":14,"column":2},"end":{"line":16,"column":3}},"loc":{"start":{"line":14,"column":2},"end":{"line":16,"column":3}},"line":14},"3":{"name":"get isDead","decl":{"start":{"line":19,"column":2},"end":{"line":21,"column":3}},"loc":{"start":{"line":19,"column":2},"end":{"line":21,"column":3}},"line":19},"4":{"name":"toString","decl":{"start":{"line":23,"column":2},"end":{"line":25,"column":3}},"loc":{"start":{"line":23,"column":2},"end":{"line":25,"column":3}},"line":23},"5":{"name":"boolChar","decl":{"start":{"line":28,"column":17},"end":{"line":32,"column":1}},"loc":{"start":{"line":28,"column":17},"end":{"line":32,"column":1}},"line":28},"6":{"name":"formatGrid","decl":{"start":{"line":40,"column":0},"end":{"line":51,"column":1}},"loc":{"start":{"line":40,"column":0},"end":{"line":51,"column":1}},"line":40},"7":{"name":"printGrid","decl":{"start":{"line":54,"column":0},"end":{"line":56,"column":1}},"loc":{"start":{"line":54,"column":0},"end":{"line":56,"column":1}},"line":54},"8":{"name":"allPairs","decl":{"start":{"line":64,"column":17},"end":{"line":64,"column":65}},"loc":{"start":{"line":64,"column":17},"end":{"line":64,"column":65}},"line":64},"9":{"name":"<instance_members_initializer>","decl":{"start":{"line":71,"column":2},"end":{"line":71,"column":4}},"loc":{"start":{"line":71,"column":2},"end":{"line":71,"column":4}},"line":71},"10":{"name":"Ordering","decl":{"start":{"line":73,"column":2},"end":{"line":75,"column":3}},"loc":{"start":{"line":73,"column":2},"end":{"line":75,"column":3}},"line":73},"11":{"name":"toI","decl":{"start":{"line":83,"column":2},"end":{"line":83,"column":18}},"loc":{"start":{"line":83,"column":2},"end":{"line":83,"column":18}},"line":83},"12":{"name":"fromI","decl":{"start":{"line":90,"column":2},"end":{"line":90,"column":13}},"loc":{"start":{"line":90,"column":2},"end":{"line":90,"column":13}},"line":90},"13":{"name":"RowMajor","decl":{"start":{"line":94,"column":2},"end":{"line":96,"column":3}},"loc":{"start":{"line":94,"column":2},"end":{"line":96,"column":3}},"line":94},"14":{"name":"toI","decl":{"start":{"line":98,"column":2},"end":{"line":100,"column":3}},"loc":{"start":{"line":98,"column":2},"end":{"line":100,"column":3}},"line":98},"15":{"name":"fromI","decl":{"start":{"line":102,"column":2},"end":{"line":106,"column":3}},"loc":{"start":{"line":102,"column":2},"end":{"line":106,"column":3}},"line":102},"16":{"name":"ColMajor","decl":{"start":{"line":110,"column":2},"end":{"line":112,"column":3}},"loc":{"start":{"line":110,"column":2},"end":{"line":112,"column":3}},"line":110},"17":{"name":"toI","decl":{"start":{"line":114,"column":2},"end":{"line":116,"column":3}},"loc":{"start":{"line":114,"column":2},"end":{"line":116,"column":3}},"line":114},"18":{"name":"fromI","decl":{"start":{"line":118,"column":2},"end":{"line":122,"column":3}},"loc":{"start":{"line":118,"column":2},"end":{"line":122,"column":3}},"line":118}},"f":{"0":4,"1":8,"2":1149,"3":393,"4":0,"5":0,"6":0,"7":0,"8":0,"9":10,"10":10,"11":0,"12":0,"13":9,"14":1514,"15":214,"16":1,"17":6,"18":6}}
}
