{"total": {"lines":{"total":554,"covered":532,"skipped":0,"pct":96.02},"statements":{"total":554,"covered":532,"skipped":0,"pct":96.02},"functions":{"total":52,"covered":43,"skipped":0,"pct":82.69},"branches":{"total":80,"covered":79,"skipped":0,"pct":98.75},"branchesTrue":{"total":0,"covered":0,"skipped":0,"pct":"Unknown"}}
,"/home/runner/work/GoLRx/GoLRx/src/lib/cell.js": {"lines":{"total":151,"covered":151,"skipped":0,"pct":100},"functions":{"total":11,"covered":10,"skipped":0,"pct":90.9},"statements":{"total":151,"covered":151,"skipped":0,"pct":100},"branches":{"total":20,"covered":20,"skipped":0,"pct":100}}
,"/home/runner/work/GoLRx/GoLRx/src/lib/game.js": {"lines":{"total":129,"covered":127,"skipped":0,"pct":98.44},"functions":{"total":13,"covered":9,"skipped":0,"pct":69.23},"statements":{"total":129,"covered":127,"skipped":0,"pct":98.44},"branches":{"total":12,"covered":12,"skipped":0,"pct":100}}
,"/home/runner/work/GoLRx/GoLRx/src/lib/grid.js": {"lines":{"total":208,"covered":208,"skipped":0,"pct":100},"functions":{"total":19,"covered":19,"skipped":0,"pct":100},"statements":{"total":208,"covered":208,"skipped":0,"pct":100},"branches":{"total":40,"covered":39,"skipped":0,"pct":97.5}}
,"/home/runner/work/GoLRx/GoLRx/src/lib/util.js": {"lines":{"total":66,"covered":46,"skipped":0,"pct":69.69},"functions":{"total":9,"covered":5,"skipped":0,"pct":55.55},"statements":{"total":66,"covered":46,"skipped":0,"pct":69.69},"branches":{"total":8,"covered":8,"skipped":0,"pct":100}}
}
