{"total": {"lines":{"total":640,"covered":613,"skipped":0,"pct":95.78},"statements":{"total":640,"covered":613,"skipped":0,"pct":95.78},"functions":{"total":62,"covered":50,"skipped":0,"pct":80.64},"branches":{"total":83,"covered":82,"skipped":0,"pct":98.79},"branchesTrue":{"total":0,"covered":0,"skipped":0,"pct":"Unknown"}}
,"/home/runner/work/GoLRx/GoLRx/src/lib/cell.js": {"lines":{"total":155,"covered":153,"skipped":0,"pct":98.7},"functions":{"total":12,"covered":10,"skipped":0,"pct":83.33},"statements":{"total":155,"covered":153,"skipped":0,"pct":98.7},"branches":{"total":21,"covered":21,"skipped":0,"pct":100}}
,"/home/runner/work/GoLRx/GoLRx/src/lib/game.js": {"lines":{"total":124,"covered":122,"skipped":0,"pct":98.38},"functions":{"total":12,"covered":9,"skipped":0,"pct":75},"statements":{"total":124,"covered":122,"skipped":0,"pct":98.38},"branches":{"total":12,"covered":12,"skipped":0,"pct":100}}
,"/home/runner/work/GoLRx/GoLRx/src/lib/grid.js": {"lines":{"total":236,"covered":233,"skipped":0,"pct":98.72},"functions":{"total":19,"covered":19,"skipped":0,"pct":100},"statements":{"total":236,"covered":233,"skipped":0,"pct":98.72},"branches":{"total":37,"covered":36,"skipped":0,"pct":97.29}}
,"/home/runner/work/GoLRx/GoLRx/src/lib/util.js": {"lines":{"total":125,"covered":105,"skipped":0,"pct":84},"functions":{"total":19,"covered":12,"skipped":0,"pct":63.15},"statements":{"total":125,"covered":105,"skipped":0,"pct":84},"branches":{"total":13,"covered":13,"skipped":0,"pct":100}}
}
