TN:
SF:lib/cell.js
FN:16,<instance_members_initializer>
FN:67,Cell
FN:84,get state
FN:89,set state
FN:97,addNeighbor
FN:109,start
FN:111,next
FN:112,error
FN:124,listenUntil
FN:140,#nextState
FN:164,#updateState
FN:174,toString
FNF:12
FNH:11
FNDA:242,<instance_members_initializer>
FNDA:242,Cell
FNDA:3031,get state
FNDA:519,set state
FNDA:1248,addNeighbor
FNDA:345,start
FNDA:445,next
FNDA:0,error
FNDA:350,listenUntil
FNDA:450,#nextState
FNDA:450,#updateState
FNDA:1,toString
DA:1,3
DA:2,3
DA:3,3
DA:4,3
DA:5,3
DA:6,3
DA:7,3
DA:8,3
DA:9,3
DA:10,3
DA:11,3
DA:12,3
DA:13,3
DA:14,3
DA:15,3
DA:16,3
DA:17,242
DA:18,242
DA:19,242
DA:20,242
DA:21,242
DA:22,242
DA:23,242
DA:24,242
DA:25,242
DA:26,242
DA:27,242
DA:28,242
DA:29,242
DA:30,242
DA:31,242
DA:32,242
DA:33,242
DA:34,242
DA:35,242
DA:36,242
DA:37,242
DA:38,242
DA:39,242
DA:40,242
DA:41,242
DA:42,242
DA:43,242
DA:44,242
DA:45,242
DA:46,242
DA:47,242
DA:48,242
DA:49,242
DA:50,242
DA:51,242
DA:52,242
DA:53,242
DA:54,242
DA:55,242
DA:56,242
DA:57,242
DA:58,242
DA:59,242
DA:60,242
DA:61,242
DA:62,242
DA:63,242
DA:64,242
DA:65,242
DA:66,242
DA:67,242
DA:68,242
DA:69,242
DA:70,242
DA:71,242
DA:72,242
DA:73,242
DA:74,242
DA:75,242
DA:76,242
DA:77,242
DA:78,242
DA:79,242
DA:80,242
DA:81,242
DA:82,242
DA:83,242
DA:84,242
DA:85,3031
DA:86,3031
DA:87,242
DA:88,242
DA:89,242
DA:90,519
DA:91,519
DA:92,242
DA:93,242
DA:94,242
DA:95,242
DA:96,242
DA:97,242
DA:98,1248
DA:99,1248
DA:100,242
DA:101,242
DA:102,242
DA:103,242
DA:104,242
DA:105,242
DA:106,242
DA:107,242
DA:108,242
DA:109,242
DA:110,345
DA:111,345
DA:112,345
DA:113,345
DA:114,345
DA:115,345
DA:116,242
DA:117,242
DA:118,242
DA:119,242
DA:120,242
DA:121,242
DA:122,242
DA:123,242
DA:124,242
DA:125,350
DA:126,350
DA:127,350
DA:128,350
DA:129,350
DA:130,350
DA:131,350
DA:132,242
DA:133,242
DA:134,242
DA:135,242
DA:136,242
DA:137,242
DA:138,242
DA:139,242
DA:140,242
DA:141,450
DA:142,450
DA:143,129
DA:144,450
DA:145,450
DA:146,393
DA:147,393
DA:148,450
DA:149,321
DA:150,450
DA:151,450
DA:152,327
DA:153,327
DA:154,66
DA:155,450
DA:156,242
DA:157,242
DA:158,242
DA:159,242
DA:160,242
DA:161,242
DA:162,242
DA:163,242
DA:164,242
DA:165,450
DA:166,450
DA:167,450
DA:168,450
DA:169,138
DA:170,138
DA:171,450
DA:172,450
DA:173,242
DA:174,242
DA:175,1
DA:176,1
DA:177,242
DA:178,3
DA:179,3
LF:179
LH:179
BRDA:1,0,0,3
BRDA:16,1,0,242
BRDA:67,2,0,242
BRDA:84,3,0,3031
BRDA:89,4,0,519
BRDA:97,5,0,1248
BRDA:109,6,0,345
BRDA:111,7,0,445
BRDA:124,8,0,350
BRDA:127,9,0,450
BRDA:127,10,0,2538
BRDA:128,11,0,450
BRDA:140,12,0,450
BRDA:142,13,0,129
BRDA:145,14,0,57
BRDA:146,15,0,393
BRDA:148,16,0,321
BRDA:151,17,0,327
BRDA:154,18,0,66
BRDA:164,19,0,450
BRDA:168,20,0,138
BRDA:174,21,0,1
BRF:22
BRH:22
end_of_record
TN:
SF:lib/game.js
FN:18,<instance_members_initializer>
FN:54,Game
FN:65,handleIncomingCellEvent
FN:69,next
FN:70,error
FN:72,complete
FN:79,tick
FN:89,start
FN:100,next
FN:107,stop
FN:112,get isRunning
FN:119,set tickInterval
FNF:12
FNH:10
FNDA:7,<instance_members_initializer>
FNDA:7,Game
FNDA:7,handleIncomingCellEvent
FNDA:2,next
FNDA:0,error
FNDA:0,complete
FNDA:7,tick
FNDA:4,start
FNDA:5,next
FNDA:3,stop
FNDA:3,get isRunning
FNDA:3,set tickInterval
DA:1,1
DA:2,1
DA:3,1
DA:4,1
DA:5,1
DA:6,1
DA:7,1
DA:8,1
DA:9,1
DA:10,1
DA:11,1
DA:12,1
DA:13,1
DA:14,1
DA:15,1
DA:16,1
DA:17,1
DA:18,1
DA:19,7
DA:20,7
DA:21,7
DA:22,7
DA:23,7
DA:24,7
DA:25,7
DA:26,7
DA:27,7
DA:28,7
DA:29,7
DA:30,7
DA:31,7
DA:32,7
DA:33,7
DA:34,7
DA:35,7
DA:36,7
DA:37,7
DA:38,7
DA:39,7
DA:40,7
DA:41,7
DA:42,7
DA:43,7
DA:44,7
DA:45,7
DA:46,7
DA:47,7
DA:48,7
DA:49,7
DA:50,7
DA:51,7
DA:52,7
DA:53,7
DA:54,7
DA:55,7
DA:56,7
DA:57,7
DA:58,7
DA:59,7
DA:60,7
DA:61,7
DA:62,7
DA:63,7
DA:64,7
DA:65,7
DA:66,7
DA:67,7
DA:68,7
DA:69,7
DA:70,7
DA:71,7
DA:72,7
DA:73,7
DA:74,7
DA:75,7
DA:76,7
DA:77,7
DA:78,7
DA:79,7
DA:80,7
DA:81,7
DA:82,7
DA:83,7
DA:84,7
DA:85,7
DA:86,7
DA:87,7
DA:88,7
DA:89,7
DA:90,4
DA:91,4
DA:92,4
DA:93,4
DA:94,4
DA:95,4
DA:96,4
DA:97,4
DA:98,4
DA:99,4
DA:100,4
DA:101,4
DA:102,4
DA:103,7
DA:104,7
DA:105,7
DA:106,7
DA:107,7
DA:108,3
DA:109,3
DA:110,3
DA:111,7
DA:112,7
DA:113,3
DA:114,3
DA:115,7
DA:116,7
DA:117,7
DA:118,7
DA:119,7
DA:120,3
DA:121,3
DA:122,7
DA:123,1
DA:124,1
LF:124
LH:124
BRDA:1,0,0,1
BRDA:18,1,0,7
BRDA:54,2,0,7
BRDA:65,3,0,7
BRDA:67,4,0,2
BRDA:69,5,0,2
BRDA:79,6,0,7
BRDA:89,7,0,4
BRDA:96,8,0,5
BRDA:100,9,0,5
BRDA:107,10,0,3
BRDA:112,11,0,3
BRDA:119,12,0,3
BRF:13
BRH:13
end_of_record
TN:
SF:lib/grid.js
FN:8,<instance_members_initializer>
FN:49,Grid
FN:58,#initPlane
FN:70,#introduceNeighbors
FN:82,activateCell
FN:89,activateCells
FN:98,setCellState
FN:106,setAllCellStates
FN:115,getCellAt
FN:127,getGrid
FN:150,#insideBounds
FN:161,#insidePlane
FN:170,#getNeighborhood
FN:202,tick
FN:209,transition
FN:220,#broadcastStart
FN:224,get running
FN:228,get stopSignal
FN:235,get allCells
FNF:19
FNH:19
FNDA:11,<instance_members_initializer>
FNDA:11,Grid
FNDA:11,#initPlane
FNDA:11,#introduceNeighbors
FNDA:10,activateCell
FNDA:5,activateCells
FNDA:55,setCellState
FNDA:1,setAllCellStates
FNDA:754,getCellAt
FNDA:27,getGrid
FNDA:754,#insideBounds
FNDA:2182,#insidePlane
FNDA:220,#getNeighborhood
FNDA:7,tick
FNDA:7,transition
FNDA:10,#broadcastStart
FNDA:4,get running
FNDA:345,get stopSignal
FNDA:11,get allCells
DA:1,2
DA:2,2
DA:3,2
DA:4,2
DA:5,2
DA:6,2
DA:7,2
DA:8,2
DA:9,11
DA:10,11
DA:11,11
DA:12,11
DA:13,11
DA:14,11
DA:15,11
DA:16,11
DA:17,11
DA:18,11
DA:19,11
DA:20,11
DA:21,11
DA:22,11
DA:23,11
DA:24,11
DA:25,11
DA:26,11
DA:27,11
DA:28,11
DA:29,11
DA:30,11
DA:31,11
DA:32,11
DA:33,11
DA:34,11
DA:35,11
DA:36,11
DA:37,11
DA:38,11
DA:39,11
DA:40,11
DA:41,11
DA:42,11
DA:43,11
DA:44,11
DA:45,11
DA:46,11
DA:47,11
DA:48,11
DA:49,11
DA:50,11
DA:51,11
DA:52,11
DA:53,11
DA:54,11
DA:55,11
DA:56,11
DA:57,11
DA:58,11
DA:59,11
DA:60,11
DA:61,220
DA:62,220
DA:63,220
DA:64,11
DA:65,11
DA:66,11
DA:67,11
DA:68,11
DA:69,11
DA:70,11
DA:71,11
DA:72,220
DA:73,220
DA:74,11
DA:75,11
DA:76,11
DA:77,11
DA:78,11
DA:79,11
DA:80,11
DA:81,11
DA:82,11
DA:83,10
DA:84,10
DA:85,11
DA:86,11
DA:87,11
DA:88,11
DA:89,11
DA:90,5
DA:91,5
DA:92,11
DA:93,11
DA:94,11
DA:95,11
DA:96,11
DA:97,11
DA:98,11
DA:99,55
DA:100,55
DA:101,11
DA:102,11
DA:103,11
DA:104,11
DA:105,11
DA:106,11
DA:107,1
DA:108,1
DA:109,11
DA:110,11
DA:111,11
DA:112,11
DA:113,11
DA:114,11
DA:115,11
DA:116,754
DA:117,0
DA:118,0
DA:119,0
DA:120,754
DA:121,754
DA:122,754
DA:123,11
DA:124,11
DA:125,11
DA:126,11
DA:127,11
DA:128,27
DA:129,27
DA:130,27
DA:131,27
DA:132,27
DA:133,27
DA:134,93
DA:135,93
DA:136,699
DA:137,699
DA:138,93
DA:139,27
DA:140,27
DA:141,27
DA:142,11
DA:143,11
DA:144,11
DA:145,11
DA:146,11
DA:147,11
DA:148,11
DA:149,11
DA:150,11
DA:151,754
DA:152,754
DA:153,11
DA:154,11
DA:155,11
DA:156,11
DA:157,11
DA:158,11
DA:159,11
DA:160,11
DA:161,11
DA:162,11
DA:163,11
DA:164,11
DA:165,11
DA:166,11
DA:167,11
DA:168,11
DA:169,11
DA:170,11
DA:171,220
DA:172,220
DA:173,220
DA:174,220
DA:175,220
DA:176,220
DA:177,220
DA:178,220
DA:179,220
DA:180,220
DA:181,220
DA:182,220
DA:183,220
DA:184,220
DA:185,220
DA:186,220
DA:187,150
DA:188,150
DA:189,220
DA:190,150
DA:191,150
DA:192,220
DA:193,188
DA:194,188
DA:195,220
DA:196,188
DA:197,188
DA:198,220
DA:199,220
DA:200,220
DA:201,11
DA:202,11
DA:203,7
DA:204,7
DA:205,7
DA:206,7
DA:207,7
DA:208,11
DA:209,11
DA:210,7
DA:211,3
DA:212,3
DA:213,3
DA:214,7
DA:215,7
DA:216,11
DA:217,11
DA:218,11
DA:219,11
DA:220,11
DA:221,10
DA:222,10
DA:223,11
DA:224,11
DA:225,4
DA:226,4
DA:227,11
DA:228,11
DA:229,345
DA:230,345
DA:231,11
DA:232,11
DA:233,11
DA:234,11
DA:235,11
DA:236,11
DA:237,11
DA:238,11
DA:239,2
DA:240,2
LF:240
LH:237
BRDA:1,0,0,2
BRDA:8,1,0,11
BRDA:49,2,0,11
BRDA:58,3,0,11
BRDA:60,4,0,220
BRDA:70,5,0,11
BRDA:71,6,0,220
BRDA:72,7,0,1192
BRDA:82,8,0,10
BRDA:89,9,0,5
BRDA:90,10,0,43
BRDA:98,11,0,55
BRDA:106,12,0,1
BRDA:107,13,0,9
BRDA:115,14,0,754
BRDA:116,15,0,0
BRDA:127,16,0,27
BRDA:133,17,0,93
BRDA:135,18,0,699
BRDA:150,19,0,754
BRDA:161,20,0,2182
BRDA:161,21,0,2064
BRDA:170,22,0,220
BRDA:186,23,0,150
BRDA:189,24,0,150
BRDA:192,25,0,188
BRDA:195,26,0,188
BRDA:199,27,0,1192
BRDA:202,28,0,7
BRDA:209,29,0,7
BRDA:210,30,0,3
BRDA:220,31,0,10
BRDA:221,32,0,345
BRDA:224,33,0,4
BRDA:228,34,0,345
BRDA:229,35,0,631
BRDA:235,36,0,11
BRF:37
BRH:36
end_of_record
TN:
SF:lib/ordering.js
FN:4,<instance_members_initializer>
FN:8,Ordering
FN:18,toI
FN:25,fromI
FN:28,RowMajor
FN:32,toI
FN:36,fromI
FN:44,ColMajor
FN:48,toI
FN:52,fromI
FNF:10
FNH:8
FNDA:13,<instance_members_initializer>
FNDA:13,Ordering
FNDA:0,toI
FNDA:0,fromI
FNDA:12,RowMajor
FNDA:1514,toI
FNDA:226,fromI
FNDA:1,ColMajor
FNDA:6,toI
FNDA:6,fromI
DA:1,3
DA:2,3
DA:3,3
DA:4,3
DA:5,13
DA:6,13
DA:7,13
DA:8,13
DA:9,13
DA:10,13
DA:11,13
DA:12,13
DA:13,13
DA:14,13
DA:15,13
DA:16,13
DA:17,13
DA:18,13
DA:19,13
DA:20,13
DA:21,13
DA:22,13
DA:23,13
DA:24,13
DA:25,13
DA:26,13
DA:27,3
DA:28,3
DA:29,12
DA:30,12
DA:31,3
DA:32,3
DA:33,1514
DA:34,1514
DA:35,3
DA:36,3
DA:37,226
DA:38,226
DA:39,226
DA:40,226
DA:41,3
DA:42,3
DA:43,3
DA:44,3
DA:45,1
DA:46,1
DA:47,3
DA:48,3
DA:49,6
DA:50,6
DA:51,3
DA:52,3
DA:53,6
DA:54,6
DA:55,6
DA:56,6
DA:57,3
DA:58,3
DA:59,3
LF:59
LH:59
BRDA:1,0,0,3
BRDA:4,1,0,13
BRDA:8,2,0,13
BRDA:28,3,0,12
BRDA:32,4,0,1514
BRDA:36,5,0,226
BRDA:44,6,0,1
BRDA:48,7,0,6
BRDA:52,8,0,6
BRF:9
BRH:9
end_of_record
TN:
SF:lib/rule.js
FN:1,<instance_members_initializer>
FN:13,Rule
FN:22,get birthCounts
FN:26,get survivalCounts
FN:31,<static_initializer>
FNF:5
FNH:5
FNDA:75,<instance_members_initializer>
FNDA:75,Rule
FNDA:336,get birthCounts
FNDA:144,get survivalCounts
FNDA:4,<static_initializer>
DA:1,4
DA:2,75
DA:3,75
DA:4,75
DA:5,75
DA:6,75
DA:7,75
DA:8,75
DA:9,75
DA:10,75
DA:11,75
DA:12,75
DA:13,75
DA:14,75
DA:15,75
DA:16,75
DA:17,75
DA:18,75
DA:19,75
DA:20,75
DA:21,75
DA:22,75
DA:23,336
DA:24,336
DA:25,75
DA:26,75
DA:27,144
DA:28,144
DA:29,75
DA:30,4
DA:31,4
DA:32,4
DA:33,4
DA:34,4
DA:35,4
DA:36,4
DA:37,4
DA:38,4
DA:39,4
DA:40,4
DA:41,4
DA:42,4
DA:43,4
DA:44,4
DA:45,4
DA:46,4
DA:47,4
DA:48,4
DA:49,4
LF:49
LH:49
BRDA:1,0,0,4
BRDA:1,1,0,75
BRDA:13,2,0,75
BRDA:18,3,0,150
BRDA:19,4,0,240
BRDA:22,5,0,336
BRDA:26,6,0,144
BRDA:31,7,0,4
BRF:8
BRH:8
end_of_record
TN:
SF:lib/state.js
FN:4,<static_initializer>
FN:9,State
FN:14,get isAlive
FN:19,get isDead
FN:24,get inverse
FN:28,toString
FNF:6
FNH:5
FNDA:3,<static_initializer>
FNDA:6,State
FNDA:1149,get isAlive
FNDA:393,get isDead
FNDA:0,get inverse
FNDA:1,toString
DA:1,3
DA:2,3
DA:3,3
DA:4,3
DA:5,3
DA:6,3
DA:7,3
DA:8,3
DA:9,3
DA:10,6
DA:11,6
DA:12,3
DA:13,3
DA:14,3
DA:15,1149
DA:16,1149
DA:17,3
DA:18,3
DA:19,3
DA:20,393
DA:21,393
DA:22,3
DA:23,3
DA:24,3
DA:25,0
DA:26,0
DA:27,3
DA:28,3
DA:29,1
DA:30,1
DA:31,3
DA:32,3
DA:33,3
LF:33
LH:31
BRDA:1,0,0,3
BRDA:4,1,0,3
BRDA:9,2,0,6
BRDA:14,3,0,1149
BRDA:19,4,0,393
BRDA:28,5,0,1
BRDA:29,6,0,0
BRF:7
BRH:6
end_of_record
