TN:
SF:src/lib/game.js
FN:12,<instance_members_initializer>
FN:42,Game
FN:52,handleIncomingCellEvent
FN:66,get cells
FN:72,tick
FN:80,start
FN:93,stop
FN:98,get isRunning
FNF:8
FNH:0
FNDA:0,<instance_members_initializer>
FNDA:0,Game
FNDA:0,handleIncomingCellEvent
FNDA:0,get cells
FNDA:0,tick
FNDA:0,start
FNDA:0,stop
FNDA:0,get isRunning
DA:1,1
DA:2,1
DA:3,1
DA:4,1
DA:5,1
DA:6,1
DA:7,1
DA:8,1
DA:9,1
DA:10,1
DA:11,1
DA:12,1
DA:13,0
DA:14,0
DA:15,0
DA:16,0
DA:17,0
DA:18,0
DA:19,0
DA:20,0
DA:21,0
DA:22,0
DA:23,0
DA:24,0
DA:25,0
DA:26,0
DA:27,0
DA:28,0
DA:29,0
DA:30,0
DA:31,0
DA:32,0
DA:33,0
DA:34,0
DA:35,0
DA:36,1
DA:37,1
DA:38,1
DA:39,1
DA:40,1
DA:41,1
DA:42,1
DA:43,0
DA:44,0
DA:45,0
DA:46,1
DA:47,1
DA:48,1
DA:49,1
DA:50,1
DA:51,1
DA:52,1
DA:53,0
DA:54,0
DA:55,0
DA:56,0
DA:57,0
DA:58,0
DA:59,0
DA:60,0
DA:61,0
DA:62,1
DA:63,1
DA:64,1
DA:65,1
DA:66,1
DA:67,0
DA:68,1
DA:69,1
DA:70,1
DA:71,1
DA:72,1
DA:73,0
DA:74,0
DA:75,1
DA:76,1
DA:77,1
DA:78,1
DA:79,1
DA:80,1
DA:81,0
DA:82,0
DA:83,0
DA:84,0
DA:85,0
DA:86,0
DA:87,0
DA:88,0
DA:89,1
DA:90,1
DA:91,1
DA:92,1
DA:93,1
DA:94,0
DA:95,0
DA:96,0
DA:97,1
DA:98,1
DA:99,0
DA:100,0
DA:101,1
DA:102,1
DA:103,1
LF:103
LH:52
BRDA:1,0,0,1
BRDA:12,1,0,0
BRF:2
BRH:1
end_of_record
TN:
SF:src/lib/grid.js
FN:18,<instance_members_initializer>
FN:51,Grid
FN:63,#initPlane
FN:79,#introduceNeighbors
FN:96,activateCell
FN:103,activateCells
FN:112,setCellState
FN:122,getCellAt
FN:130,getGrid
FN:141,#insideBounds
FN:152,#getAdjacentCells
FN:169,transition
FN:180,#coordinatePairs
FN:189,#broadcastStart
FN:196,get allCells
FN:206,<instance_members_initializer>
FN:244,Cell
FN:259,#nextState
FN:271,#updateState
FN:284,start
FN:295,listenToNeighbors
FN:303,next
FN:304,error
FNF:23
FNH:21
FNDA:8,<instance_members_initializer>
FNDA:8,Grid
FNDA:8,#initPlane
FNDA:8,#introduceNeighbors
FNDA:21,activateCell
FNDA:1,activateCells
FNDA:0,setCellState
FNDA:768,getCellAt
FNDA:17,getGrid
FNDA:1600,#insideBounds
FNDA:104,#getAdjacentCells
FNDA:12,transition
FNDA:16,#coordinatePairs
FNDA:8,#broadcastStart
FNDA:8,get allCells
FNDA:112,<instance_members_initializer>
FNDA:112,Cell
FNDA:204,#nextState
FNDA:204,#updateState
FNDA:104,start
FNDA:104,listenToNeighbors
FNDA:204,next
FNDA:0,error
DA:1,2
DA:2,2
DA:3,2
DA:4,2
DA:5,2
DA:6,2
DA:7,2
DA:8,2
DA:9,2
DA:10,2
DA:11,2
DA:12,2
DA:13,2
DA:14,2
DA:15,2
DA:16,2
DA:17,2
DA:18,2
DA:19,8
DA:20,8
DA:21,8
DA:22,8
DA:23,8
DA:24,8
DA:25,8
DA:26,8
DA:27,8
DA:28,8
DA:29,8
DA:30,8
DA:31,8
DA:32,8
DA:33,8
DA:34,8
DA:35,8
DA:36,8
DA:37,8
DA:38,8
DA:39,8
DA:40,8
DA:41,8
DA:42,8
DA:43,8
DA:44,8
DA:45,8
DA:46,8
DA:47,8
DA:48,8
DA:49,8
DA:50,8
DA:51,8
DA:52,8
DA:53,8
DA:54,8
DA:55,8
DA:56,8
DA:57,8
DA:58,8
DA:59,8
DA:60,8
DA:61,8
DA:62,8
DA:63,8
DA:64,8
DA:65,8
DA:66,8
DA:67,8
DA:68,28
DA:69,28
DA:70,104
DA:71,104
DA:72,28
DA:73,8
DA:74,8
DA:75,8
DA:76,8
DA:77,8
DA:78,8
DA:79,8
DA:80,8
DA:81,8
DA:82,8
DA:83,104
DA:84,104
DA:85,104
DA:86,104
DA:87,8
DA:88,8
DA:89,8
DA:90,8
DA:91,8
DA:92,8
DA:93,8
DA:94,8
DA:95,8
DA:96,8
DA:97,21
DA:98,21
DA:99,8
DA:100,8
DA:101,8
DA:102,8
DA:103,8
DA:104,1
DA:105,1
DA:106,8
DA:107,8
DA:108,8
DA:109,8
DA:110,8
DA:111,8
DA:112,8
DA:113,0
DA:114,0
DA:115,0
DA:116,8
DA:117,8
DA:118,8
DA:119,8
DA:120,8
DA:121,8
DA:122,8
DA:123,768
DA:124,768
DA:125,768
DA:126,8
DA:127,8
DA:128,8
DA:129,8
DA:130,8
DA:131,17
DA:132,17
DA:133,8
DA:134,8
DA:135,8
DA:136,8
DA:137,8
DA:138,8
DA:139,8
DA:140,8
DA:141,8
DA:142,2
DA:143,2
DA:144,2
DA:145,2
DA:146,2
DA:147,2
DA:148,2
DA:149,2
DA:150,2
DA:151,2
DA:152,2
DA:153,104
DA:154,104
DA:155,104
DA:156,104
DA:157,104
DA:158,104
DA:159,104
DA:160,104
DA:161,104
DA:162,104
DA:163,104
DA:164,104
DA:165,104
DA:166,104
DA:167,104
DA:168,2
DA:169,2
DA:170,12
DA:171,8
DA:172,8
DA:173,8
DA:174,12
DA:175,12
DA:176,2
DA:177,2
DA:178,2
DA:179,2
DA:180,2
DA:181,16
DA:182,16
DA:183,16
DA:184,16
DA:185,2
DA:186,2
DA:187,2
DA:188,2
DA:189,2
DA:190,8
DA:191,8
DA:192,2
DA:193,2
DA:194,2
DA:195,2
DA:196,2
DA:197,8
DA:198,8
DA:199,2
DA:200,2
DA:201,2
DA:202,2
DA:203,2
DA:204,2
DA:205,2
DA:206,2
DA:207,112
DA:208,112
DA:209,112
DA:210,112
DA:211,112
DA:212,112
DA:213,112
DA:214,112
DA:215,112
DA:216,112
DA:217,112
DA:218,112
DA:219,112
DA:220,112
DA:221,112
DA:222,112
DA:223,112
DA:224,112
DA:225,112
DA:226,112
DA:227,112
DA:228,112
DA:229,112
DA:230,112
DA:231,112
DA:232,112
DA:233,112
DA:234,112
DA:235,112
DA:236,2
DA:237,2
DA:238,2
DA:239,2
DA:240,2
DA:241,2
DA:242,2
DA:243,2
DA:244,2
DA:245,112
DA:246,112
DA:247,112
DA:248,112
DA:249,112
DA:250,112
DA:251,2
DA:252,2
DA:253,2
DA:254,2
DA:255,2
DA:256,2
DA:257,2
DA:258,2
DA:259,2
DA:260,204
DA:261,204
DA:262,204
DA:263,2
DA:264,2
DA:265,2
DA:266,2
DA:267,2
DA:268,2
DA:269,2
DA:270,2
DA:271,2
DA:272,204
DA:273,204
DA:274,204
DA:275,204
DA:276,35
DA:277,35
DA:278,204
DA:279,204
DA:280,2
DA:281,2
DA:282,2
DA:283,2
DA:284,2
DA:285,104
DA:286,104
DA:287,2
DA:288,2
DA:289,2
DA:290,2
DA:291,2
DA:292,2
DA:293,2
DA:294,2
DA:295,2
DA:296,104
DA:297,104
DA:298,104
DA:299,104
DA:300,104
DA:301,104
DA:302,104
DA:303,104
DA:304,104
DA:305,104
DA:306,104
DA:307,104
DA:308,2
DA:309,2
DA:310,2
LF:310
LH:307
BRDA:1,0,0,2
BRDA:18,1,0,8
BRDA:51,2,0,8
BRDA:63,3,0,8
BRDA:67,4,0,28
BRDA:69,5,0,104
BRDA:79,6,0,8
BRDA:81,7,0,104
BRDA:82,8,0,104
BRDA:84,9,0,528
BRDA:89,10,0,104
BRDA:96,11,0,21
BRDA:103,12,0,1
BRDA:104,13,0,5
BRDA:122,14,0,768
BRDA:123,15,0,0
BRDA:130,16,0,17
BRDA:131,17,0,69
BRDA:131,18,0,297
BRDA:141,19,0,1600
BRDA:142,20,0,1516
BRDA:142,21,0,1440
BRDA:142,22,0,1364
BRDA:152,23,0,104
BRDA:166,24,0,528
BRDA:169,25,0,12
BRDA:170,26,0,8
BRDA:180,27,0,16
BRDA:181,28,0,56
BRDA:182,29,0,56
BRDA:189,30,0,8
BRDA:190,31,0,104
BRDA:196,32,0,8
BRDA:197,33,0,104
BRDA:206,34,0,112
BRDA:244,35,0,112
BRDA:259,36,0,204
BRDA:260,37,0,24
BRDA:261,38,0,180
BRDA:261,39,0,35
BRDA:271,40,0,204
BRDA:275,41,0,35
BRDA:284,42,0,104
BRDA:295,43,0,104
BRDA:299,44,0,204
BRDA:299,45,0,1104
BRDA:300,46,0,204
BRDA:303,47,0,204
BRF:48
BRH:47
end_of_record
TN:
SF:src/lib/util.js
FN:1,boolChar
FN:13,formatGrid
FN:27,printGrid
FN:37,allPairs
FNF:4
FNH:1
FNDA:0,boolChar
FNDA:0,formatGrid
FNDA:0,printGrid
FNDA:16,allPairs
DA:1,2
DA:2,0
DA:3,0
DA:4,0
DA:5,2
DA:6,2
DA:7,2
DA:8,2
DA:9,2
DA:10,2
DA:11,2
DA:12,2
DA:13,0
DA:14,0
DA:15,0
DA:16,0
DA:17,0
DA:18,0
DA:19,0
DA:20,0
DA:21,0
DA:22,0
DA:23,0
DA:24,0
DA:25,2
DA:26,2
DA:27,0
DA:28,0
DA:29,0
DA:30,2
DA:31,2
DA:32,2
DA:33,2
DA:34,2
DA:35,2
DA:36,2
DA:37,2
DA:38,2
DA:39,2
LF:39
LH:21
BRDA:1,0,0,2
BRDA:37,1,0,16
BRDA:37,2,0,56
BRDA:37,3,0,208
BRF:4
BRH:4
end_of_record
